#
# There is insufficient memory for the Java Runtime Environment to continue.
# Native memory allocation (mmap) failed to map 15728640 bytes for G1 virtual space
# Possible reasons:
#   The system is out of physical RAM or swap space
#   The process is running with CompressedOops enabled, and the Java Heap may be blocking the growth of the native heap
# Possible solutions:
#   Reduce memory load on the system
#   Increase physical memory or swap space
#   Check if swap backing store is full
#   Decrease Java heap size (-Xmx/-Xms)
#   Decrease number of Java threads
#   Decrease Java thread stack sizes (-Xss)
#   Set larger code cache with -XX:ReservedCodeCacheSize=
#   JVM is running with Unscaled Compressed Oops mode in which the Java heap is
#     placed in the first 4GB address space. The Java Heap base address is the
#     maximum limit for the native heap growth. Please use -XX:HeapBaseMinAddress
#     to set the Java Heap base and to place the Java Heap above 4GB virtual address.
# This output file may be truncated or incomplete.
#
#  Out of Memory Error (os_windows.cpp:3535), pid=16120, tid=16228
#
# JRE version: OpenJDK Runtime Environment Temurin-17.0.3+7 (17.0.3+7) (build 17.0.3+7)
# Java VM: OpenJDK 64-Bit Server VM Temurin-17.0.3+7 (17.0.3+7, mixed mode, emulated-client, tiered, compressed oops, compressed class ptrs, g1 gc, windows-amd64)
# No core dump will be written. Minidumps are not enabled by default on client versions of Windows
#

---------------  S U M M A R Y ------------

Command Line: --add-modules=ALL-SYSTEM --add-exports=jdk.compiler/com.sun.tools.javac.file=ALL-UNNAMED --add-exports=jdk.compiler/com.sun.tools.javac.util=ALL-UNNAMED --add-exports=jdk.compiler/com.sun.tools.javac.comp=ALL-UNNAMED --add-exports=jdk.compiler/com.sun.tools.javac.main=ALL-UNNAMED --add-exports=jdk.compiler/com.sun.tools.javac.tree=ALL-UNNAMED --add-exports=jdk.compiler/com.sun.tools.javac.code=ALL-UNNAMED -Dsts.lsp.client=vscode -Dsts.log.file=/dev/null -XX:TieredStopAtLevel=1 -Dspring.config.location=file:c:\Users\Pratap\.vscode\extensions\pivotal.vscode-spring-boot-1.36.0\language-server\BOOT-INF\classes\application.properties org.springframework.ide.vscode.boot.app.BootLanguageServerBootApp

Host: AMD A6-6310 APU with AMD Radeon R4 Graphics    , 4 cores, 6G,  Windows 10 , 64 bit Build 19041 (10.0.19041.1741)
Time: Thu Jun 30 16:08:22 2022 India Standard Time elapsed time: 15.473385 seconds (0d 0h 0m 15s)

---------------  T H R E A D  ---------------

Current thread (0x0000023970178590):  VMThread "VM Thread" [stack: 0x000000f8baa00000,0x000000f8bab00000] [id=16228]

Stack: [0x000000f8baa00000,0x000000f8bab00000]
Native frames: (J=compiled Java code, j=interpreted, Vv=VM code, C=native code)
V  [jvm.dll+0x675efa]
V  [jvm.dll+0x830a24]
V  [jvm.dll+0x8321ce]
V  [jvm.dll+0x832833]
V  [jvm.dll+0x2454b5]
V  [jvm.dll+0x672de9]
V  [jvm.dll+0x667732]
V  [jvm.dll+0x3043ab]
V  [jvm.dll+0x30b8f6]
V  [jvm.dll+0x35b62e]
V  [jvm.dll+0x35b85f]
V  [jvm.dll+0x2db248]
V  [jvm.dll+0x2de2d6]
V  [jvm.dll+0x2e8998]
V  [jvm.dll+0x31cc40]
V  [jvm.dll+0x836cdb]
V  [jvm.dll+0x837a14]
V  [jvm.dll+0x837f2c]
V  [jvm.dll+0x838304]
V  [jvm.dll+0x8383d0]
V  [jvm.dll+0x7e0cfa]
V  [jvm.dll+0x674d85]
C  [ucrtbase.dll+0x21bb2]
C  [KERNEL32.DLL+0x17034]
C  [ntdll.dll+0x52651]

VM_Operation (0x000000f8ba6ff8a0): G1Concurrent, mode: safepoint, requested by thread 0x000002396410a250


---------------  P R O C E S S  ---------------

Threads class SMR info:
_java_thread_list=0x000002397224ad10, length=26, elements={
0x000002397018f750, 0x00000239701904d0, 0x00000239701d2130, 0x00000239701d3b60,
0x00000239701d4420, 0x00000239701d4ce0, 0x00000239701d5650, 0x00000239701d5f50,
0x00000239701190b0, 0x0000023970e38450, 0x00000239720a4ef0, 0x0000023971dd2520,
0x00000239720868f0, 0x0000023961fa9e90, 0x00000239720efe10, 0x00000239720c9ed0,
0x0000023972266140, 0x0000023972273870, 0x0000023972273d40, 0x0000023972278220,
0x000002397227adc0, 0x000002397227a8f0, 0x0000023972278c10, 0x00000239722795b0,
0x000002397227c100, 0x000002397227a420
}

Java Threads: ( => current thread )
  0x000002397018f750 JavaThread "Reference Handler" daemon [_thread_blocked, id=14120, stack(0x000000f8bab00000,0x000000f8bac00000)]
  0x00000239701904d0 JavaThread "Finalizer" daemon [_thread_blocked, id=6236, stack(0x000000f8bac00000,0x000000f8bad00000)]
  0x00000239701d2130 JavaThread "Signal Dispatcher" daemon [_thread_blocked, id=15072, stack(0x000000f8bad00000,0x000000f8bae00000)]
  0x00000239701d3b60 JavaThread "Attach Listener" daemon [_thread_blocked, id=6864, stack(0x000000f8bae00000,0x000000f8baf00000)]
  0x00000239701d4420 JavaThread "Service Thread" daemon [_thread_blocked, id=7456, stack(0x000000f8baf00000,0x000000f8bb000000)]
  0x00000239701d4ce0 JavaThread "Monitor Deflation Thread" daemon [_thread_blocked, id=1312, stack(0x000000f8bb000000,0x000000f8bb100000)]
  0x00000239701d5650 JavaThread "C1 CompilerThread0" daemon [_thread_blocked, id=2384, stack(0x000000f8bb100000,0x000000f8bb200000)]
  0x00000239701d5f50 JavaThread "Sweeper thread" daemon [_thread_blocked, id=5792, stack(0x000000f8bb200000,0x000000f8bb300000)]
  0x00000239701190b0 JavaThread "Common-Cleaner" daemon [_thread_blocked, id=2700, stack(0x000000f8bb300000,0x000000f8bb400000)]
  0x0000023970e38450 JavaThread "Notification Thread" daemon [_thread_blocked, id=15804, stack(0x000000f8bb600000,0x000000f8bb700000)]
  0x00000239720a4ef0 JavaThread "ForkJoinPool.commonPool-worker-1" daemon [_thread_blocked, id=7520, stack(0x000000f8bbb00000,0x000000f8bbc00000)]
  0x0000023971dd2520 JavaThread "pool-7-thread-1" [_thread_blocked, id=8492, stack(0x000000f8bbc00000,0x000000f8bbd00000)]
  0x00000239720868f0 JavaThread "LanguageServerApp-lifecycle" [_thread_blocked, id=7612, stack(0x000000f8bbd00000,0x000000f8bbe00000)]
  0x0000023961fa9e90 JavaThread "DestroyJavaVM" [_thread_blocked, id=16676, stack(0x000000f8ba400000,0x000000f8ba500000)]
  0x00000239720efe10 JavaThread "ClassGraph-worker-0" daemon [_thread_blocked, id=15136, stack(0x000000f8bbe00000,0x000000f8bbf00000)]
  0x00000239720c9ed0 JavaThread "ClassGraph-worker-1" daemon [_thread_blocked, id=9224, stack(0x000000f8bbf00000,0x000000f8bc000000)]
  0x0000023972266140 JavaThread "ClassGraph-worker-2" daemon [_thread_blocked, id=13364, stack(0x000000f8bc000000,0x000000f8bc100000)]
  0x0000023972273870 JavaThread "ClassGraph-worker-3" daemon [_thread_blocked, id=6804, stack(0x000000f8bc100000,0x000000f8bc200000)]
  0x0000023972273d40 JavaThread "ClassGraph-worker-4" daemon [_thread_blocked, id=8036, stack(0x000000f8bc200000,0x000000f8bc300000)]
  0x0000023972278220 JavaThread "ClassGraph-worker-5" daemon [_thread_blocked, id=13012, stack(0x000000f8bc300000,0x000000f8bc400000)]
  0x000002397227adc0 JavaThread "ClassGraph-worker-6" daemon [_thread_blocked, id=16496, stack(0x000000f8bc400000,0x000000f8bc500000)]
  0x000002397227a8f0 JavaThread "ClassGraph-worker-7" daemon [_thread_blocked, id=14716, stack(0x000000f8bc500000,0x000000f8bc600000)]
  0x0000023972278c10 JavaThread "pool-8-thread-1" [_thread_in_native, id=12908, stack(0x000000f8bc600000,0x000000f8bc700000)]
  0x00000239722795b0 JavaThread "Simple-Language-Server main thread" daemon [_thread_blocked, id=17332, stack(0x000000f8bc700000,0x000000f8bc800000)]
  0x000002397227c100 JavaThread "pool-2-thread-1" [_thread_blocked, id=3600, stack(0x000000f8bc800000,0x000000f8bc900000)]
  0x000002397227a420 JavaThread "parallel-1" daemon [_thread_blocked, id=17088, stack(0x000000f8bc900000,0x000000f8bca00000)]

Other Threads:
=>0x0000023970178590 VMThread "VM Thread" [stack: 0x000000f8baa00000,0x000000f8bab00000] [id=16228]
  0x0000023970e38d30 WatcherThread [stack: 0x000000f8bb700000,0x000000f8bb800000] [id=15292]
  0x00000239640fb510 GCTaskThread "GC Thread#0" [stack: 0x000000f8ba500000,0x000000f8ba600000] [id=16296]
  0x0000023971762b10 GCTaskThread "GC Thread#1" [stack: 0x000000f8bb800000,0x000000f8bb900000] [id=13844]
  0x000002397177d870 GCTaskThread "GC Thread#2" [stack: 0x000000f8bb900000,0x000000f8bba00000] [id=14908]
  0x000002397177db20 GCTaskThread "GC Thread#3" [stack: 0x000000f8bba00000,0x000000f8bbb00000] [id=12912]
  0x000002396410a250 ConcurrentGCThread "G1 Main Marker" [stack: 0x000000f8ba600000,0x000000f8ba700000] [id=10704]
  0x000002396410ac60 ConcurrentGCThread "G1 Conc#0" [stack: 0x000000f8ba700000,0x000000f8ba800000] [id=12112]
  0x0000023964173450 ConcurrentGCThread "G1 Refine#0" [stack: 0x000000f8ba800000,0x000000f8ba900000] [id=11164]
  0x0000023964173e70 ConcurrentGCThread "G1 Service" [stack: 0x000000f8ba900000,0x000000f8baa00000] [id=8436]

Threads with active compile tasks:

VM state: at safepoint (normal execution)

VM Mutex/Monitor currently owned by a thread:  ([mutex/lock_event])
[0x0000023961eda120] Threads_lock - owner thread: 0x0000023970178590
[0x00000239640a9530] Heap_lock - owner thread: 0x000002396410a250

Heap address: 0x0000000091000000, size: 1776 MB, Compressed Oops mode: 32-bit

CDS archive(s) not mapped
Compressed class space mapped at: 0x0000000100000000-0x0000000140000000, reserved size: 1073741824
Narrow klass base: 0x0000000000000000, Narrow klass shift: 3, Narrow klass range: 0x140000000

GC Precious Log:
 CPUs: 4 total, 4 available
 Memory: 7102M
 Large Page Support: Disabled
 NUMA Support: Disabled
 Compressed Oops: Enabled (32-bit)
 Heap Region Size: 1M
 Heap Min Capacity: 8M
 Heap Initial Capacity: 112M
 Heap Max Capacity: 1776M
 Pre-touch: Disabled
 Parallel Workers: 4
 Concurrent Workers: 1
 Concurrent Refinement Workers: 4
 Periodic GC: Disabled

Heap:
 garbage-first heap   total 58368K, used 41377K [0x0000000091000000, 0x0000000100000000)
  region size 1024K, 6 young (6144K), 2 survivors (2048K)
 Metaspace       used 33954K, committed 34240K, reserved 1081344K
  class space    used 4409K, committed 4544K, reserved 1048576K

Heap Regions: E=young(eden), S=young(survivor), O=old, HS=humongous(starts), HC=humongous(continues), CS=collection set, F=free, OA=open archive, CA=closed archive, TAMS=top-at-mark-start (previous, next)
|   0|0x0000000091000000, 0x0000000091100000, 0x0000000091100000|100%| O|  |TAMS 0x0000000091100000, 0x0000000091000000| Untracked 
|   1|0x0000000091100000, 0x0000000091200000, 0x0000000091200000|100%| O|  |TAMS 0x0000000091200000, 0x0000000091100000| Untracked 
|   2|0x0000000091200000, 0x0000000091300000, 0x0000000091300000|100%| O|  |TAMS 0x0000000091300000, 0x0000000091200000| Updating 
|   3|0x0000000091300000, 0x0000000091400000, 0x0000000091400000|100%| O|  |TAMS 0x0000000091400000, 0x0000000091300000| Untracked 
|   4|0x0000000091400000, 0x0000000091500000, 0x0000000091500000|100%| O|  |TAMS 0x0000000091500000, 0x0000000091400000| Untracked 
|   5|0x0000000091500000, 0x0000000091600000, 0x0000000091600000|100%| O|  |TAMS 0x0000000091600000, 0x0000000091500000| Untracked 
|   6|0x0000000091600000, 0x0000000091700000, 0x0000000091700000|100%| O|  |TAMS 0x0000000091700000, 0x0000000091600000| Untracked 
|   7|0x0000000091700000, 0x0000000091768400, 0x0000000091800000| 40%| O|  |TAMS 0x0000000091768400, 0x0000000091700000| Updating 
|   8|0x0000000091800000, 0x0000000091900000, 0x0000000091900000|100%| O|  |TAMS 0x0000000091900000, 0x0000000091800000| Untracked 
|   9|0x0000000091900000, 0x0000000091a00000, 0x0000000091a00000|100%| O|  |TAMS 0x0000000091a00000, 0x0000000091900000| Untracked 
|  10|0x0000000091a00000, 0x0000000091b00000, 0x0000000091b00000|100%| O|  |TAMS 0x0000000091b00000, 0x0000000091a00000| Untracked 
|  11|0x0000000091b00000, 0x0000000091c00000, 0x0000000091c00000|100%| O|  |TAMS 0x0000000091c00000, 0x0000000091b00000| Updating 
|  12|0x0000000091c00000, 0x0000000091d00000, 0x0000000091d00000|100%| O|  |TAMS 0x0000000091d00000, 0x0000000091c00000| Untracked 
|  13|0x0000000091d00000, 0x0000000091e00000, 0x0000000091e00000|100%| O|  |TAMS 0x0000000091e00000, 0x0000000091d00000| Untracked 
|  14|0x0000000091e00000, 0x0000000091f00000, 0x0000000091f00000|100%| O|  |TAMS 0x0000000091f00000, 0x0000000091e00000| Updating 
|  15|0x0000000091f00000, 0x0000000092000000, 0x0000000092000000|100%| O|  |TAMS 0x0000000092000000, 0x0000000091f00000| Updating 
|  16|0x0000000092000000, 0x0000000092100000, 0x0000000092100000|100%| O|  |TAMS 0x0000000092100000, 0x0000000092000000| Untracked 
|  17|0x0000000092100000, 0x0000000092200000, 0x0000000092200000|100%| O|  |TAMS 0x0000000092200000, 0x0000000092100000| Untracked 
|  18|0x0000000092200000, 0x0000000092300000, 0x0000000092300000|100%| O|  |TAMS 0x0000000092300000, 0x0000000092200000| Untracked 
|  19|0x0000000092300000, 0x0000000092400000, 0x0000000092400000|100%| O|  |TAMS 0x0000000092400000, 0x0000000092300000| Untracked 
|  20|0x0000000092400000, 0x0000000092500000, 0x0000000092500000|100%| O|  |TAMS 0x0000000092500000, 0x0000000092400000| Untracked 
|  21|0x0000000092500000, 0x0000000092600000, 0x0000000092600000|100%| O|  |TAMS 0x0000000092600000, 0x0000000092500000| Untracked 
|  22|0x0000000092600000, 0x0000000092700000, 0x0000000092700000|100%| O|  |TAMS 0x0000000092700000, 0x0000000092600000| Untracked 
|  23|0x0000000092700000, 0x0000000092800000, 0x0000000092800000|100%| O|  |TAMS 0x0000000092800000, 0x0000000092700000| Untracked 
|  24|0x0000000092800000, 0x0000000092900000, 0x0000000092900000|100%| O|  |TAMS 0x0000000092900000, 0x0000000092800000| Untracked 
|  25|0x0000000092900000, 0x0000000092a00000, 0x0000000092a00000|100%| O|  |TAMS 0x0000000092a00000, 0x0000000092900000| Untracked 
|  26|0x0000000092a00000, 0x0000000092b00000, 0x0000000092b00000|100%| O|  |TAMS 0x0000000092b00000, 0x0000000092a00000| Untracked 
|  27|0x0000000092b00000, 0x0000000092c00000, 0x0000000092c00000|100%| O|  |TAMS 0x0000000092c00000, 0x0000000092b00000| Untracked 
|  28|0x0000000092c00000, 0x0000000092d00000, 0x0000000092d00000|100%| O|  |TAMS 0x0000000092d00000, 0x0000000092c00000| Updating 
|  29|0x0000000092d00000, 0x0000000092e00000, 0x0000000092e00000|100%| O|  |TAMS 0x0000000092e00000, 0x0000000092d00000| Updating 
|  30|0x0000000092e00000, 0x0000000092f00000, 0x0000000092f00000|100%| O|  |TAMS 0x0000000092f00000, 0x0000000092e00000| Untracked 
|  31|0x0000000092f00000, 0x0000000093000000, 0x0000000093000000|100%| O|  |TAMS 0x0000000092f8c200, 0x0000000092f00000| Updating 
|  32|0x0000000093000000, 0x0000000093100000, 0x0000000093100000|100%| O|  |TAMS 0x0000000093000000, 0x0000000093000000| Untracked 
|  33|0x0000000093100000, 0x0000000093200000, 0x0000000093200000|100%| O|  |TAMS 0x0000000093100000, 0x0000000093100000| Untracked 
|  34|0x0000000093200000, 0x0000000093300000, 0x0000000093300000|100%| O|  |TAMS 0x0000000093200000, 0x0000000093200000| Untracked 
|  35|0x0000000093300000, 0x0000000093400000, 0x0000000093400000|100%| O|  |TAMS 0x0000000093300000, 0x0000000093300000| Untracked 
|  36|0x0000000093400000, 0x0000000093500000, 0x0000000093500000|100%| O|  |TAMS 0x0000000093400000, 0x0000000093400000| Untracked 
|  37|0x0000000093500000, 0x0000000093500000, 0x0000000093600000|  0%| F|  |TAMS 0x0000000093500000, 0x0000000093500000| Untracked 
|  38|0x0000000093600000, 0x0000000093600000, 0x0000000093700000|  0%| F|  |TAMS 0x0000000093600000, 0x0000000093600000| Untracked 
|  39|0x0000000093700000, 0x0000000093700000, 0x0000000093800000|  0%| F|  |TAMS 0x0000000093700000, 0x0000000093700000| Untracked 
|  40|0x0000000093800000, 0x0000000093800000, 0x0000000093900000|  0%| F|  |TAMS 0x0000000093800000, 0x0000000093800000| Untracked 
|  41|0x0000000093900000, 0x0000000093900000, 0x0000000093a00000|  0%| F|  |TAMS 0x0000000093900000, 0x0000000093900000| Untracked 
|  42|0x0000000093a00000, 0x0000000093a00000, 0x0000000093b00000|  0%| F|  |TAMS 0x0000000093a00000, 0x0000000093a00000| Untracked 
|  43|0x0000000093b00000, 0x0000000093c00000, 0x0000000093c00000|100%| S|CS|TAMS 0x0000000093b00000, 0x0000000093b00000| Complete 
|  44|0x0000000093c00000, 0x0000000093d00000, 0x0000000093d00000|100%| S|CS|TAMS 0x0000000093c00000, 0x0000000093c00000| Complete 
|  45|0x0000000093d00000, 0x0000000093d00000, 0x0000000093e00000|  0%| F|  |TAMS 0x0000000093d00000, 0x0000000093d00000| Untracked 
|  46|0x0000000093e00000, 0x0000000093e00000, 0x0000000093f00000|  0%| F|  |TAMS 0x0000000093e00000, 0x0000000093e00000| Untracked 
|  47|0x0000000093f00000, 0x0000000093f00000, 0x0000000094000000|  0%| F|  |TAMS 0x0000000093f00000, 0x0000000093f00000| Untracked 
|  48|0x0000000094000000, 0x0000000094000000, 0x0000000094100000|  0%| F|  |TAMS 0x0000000094000000, 0x0000000094000000| Untracked 
|  49|0x0000000094100000, 0x0000000094100000, 0x0000000094200000|  0%| F|  |TAMS 0x0000000094100000, 0x0000000094100000| Untracked 
|  50|0x0000000094200000, 0x0000000094200000, 0x0000000094300000|  0%| F|  |TAMS 0x0000000094200000, 0x0000000094200000| Untracked 
|  51|0x0000000094300000, 0x0000000094300000, 0x0000000094400000|  0%| F|  |TAMS 0x0000000094300000, 0x0000000094300000| Untracked 
|  84|0x0000000096400000, 0x0000000096400000, 0x0000000096500000|  0%| F|  |TAMS 0x0000000096400000, 0x0000000096400000| Untracked 
|  85|0x0000000096500000, 0x00000000965d3958, 0x0000000096600000| 82%| E|  |TAMS 0x0000000096500000, 0x0000000096500000| Complete 
|  86|0x0000000096600000, 0x00000000966ffeb0, 0x0000000096700000| 99%| E|  |TAMS 0x0000000096600000, 0x0000000096600000| Complete 
|  87|0x0000000096700000, 0x0000000096800000, 0x0000000096800000|100%| E|CS|TAMS 0x0000000096700000, 0x0000000096700000| Complete 
| 111|0x0000000097f00000, 0x0000000098000000, 0x0000000098000000|100%| E|CS|TAMS 0x0000000097f00000, 0x0000000097f00000| Complete 

Card table byte_map: [0x0000023969d30000,0x000002396a0b0000] _byte_map_base: 0x00000239698a8000

Marking Bits (Prev, Next): (CMBitMap*) 0x00000239640fbb60, (CMBitMap*) 0x00000239640fbb20
 Prev Bits: [0x000002396bff0000, 0x000002396dbb0000)
 Next Bits: [0x000002396a430000, 0x000002396bff0000)

Polling page: 0x0000023962030000

Metaspace:

Usage:
  Non-class:     28.85 MB used.
      Class:      4.31 MB used.
       Both:     33.16 MB used.

Virtual space:
  Non-class space:       32.00 MB reserved,      29.00 MB ( 91%) committed,  4 nodes.
      Class space:        1.00 GB reserved,       4.44 MB ( <1%) committed,  1 nodes.
             Both:        1.03 GB reserved,      33.44 MB (  3%) committed. 

Chunk freelists:
   Non-Class:  2.08 MB
       Class:  3.56 MB
        Both:  5.64 MB

MaxMetaspaceSize: unlimited
CompressedClassSpaceSize: 1.00 GB
Initial GC threshold: 21.00 MB
Current GC threshold: 55.62 MB
CDS: off
MetaspaceReclaimPolicy: balanced
 - commit_granule_bytes: 65536.
 - commit_granule_words: 8192.
 - virtual_space_node_default_size: 1048576.
 - enlarge_chunks_in_place: 1.
 - new_chunks_are_fully_committed: 0.
 - uncommit_free_chunks: 1.
 - use_allocation_guard: 0.
 - handle_deallocations: 1.


Internal statistics:

num_allocs_failed_limit: 3.
num_arena_births: 300.
num_arena_deaths: 0.
num_vsnodes_births: 5.
num_vsnodes_deaths: 0.
num_space_committed: 535.
num_space_uncommitted: 0.
num_chunks_returned_to_freelist: 3.
num_chunks_taken_from_freelist: 1245.
num_chunk_merges: 3.
num_chunk_splits: 851.
num_chunks_enlarged: 672.
num_purges: 0.
num_inconsistent_stats: 0.

CodeCache: size=49152Kb used=6932Kb max_used=7986Kb free=42219Kb
 bounds [0x0000023966d30000, 0x0000023967500000, 0x0000023969d30000]
 total_blobs=4032 nmethods=3517 adapters=443
 compilation: enabled
              stopped_count=0, restarted_count=0
 full_count=0

Compilation events (20 events):
Event: 15.321 Thread 0x00000239701d5650 3506       1       java.io.FileDescriptor$1::close (5 bytes)
Event: 15.322 Thread 0x00000239701d5650 nmethod 3506 0x0000023966f7be10 code [0x0000023966f7bfc0, 0x0000023966f7c2b8]
Event: 15.335 Thread 0x00000239701d5650 3509       1       java.lang.Math::max (12 bytes)
Event: 15.335 Thread 0x00000239701d5650 nmethod 3509 0x0000023966f7bb10 code [0x0000023966f7bca0, 0x0000023966f7bd58]
Event: 15.336 Thread 0x00000239701d5650 3510       1       nonapi.io.github.classgraph.fileslice.reader.ClassfileReader::readString (38 bytes)
Event: 15.337 Thread 0x00000239701d5650 nmethod 3510 0x0000023966f7b710 code [0x0000023966f7b8c0, 0x0000023966f7b9f8]
Event: 15.337 Thread 0x00000239701d5650 3511       1       io.github.classgraph.Classfile::intern (27 bytes)
Event: 15.337 Thread 0x00000239701d5650 nmethod 3511 0x0000023966f7b290 code [0x0000023966f7b440, 0x0000023966f7b5e8]
Event: 15.361 Thread 0x00000239701d5650 3512       1       java.lang.String::regionMatches (189 bytes)
Event: 15.363 Thread 0x00000239701d5650 nmethod 3512 0x0000023966f7ab10 code [0x0000023966f7acc0, 0x0000023966f7b0b8]
Event: 15.373 Thread 0x00000239701d5650 3513       1       io.github.classgraph.Classfile::getConstantPoolClassName (8 bytes)
Event: 15.373 Thread 0x00000239701d5650 nmethod 3513 0x0000023966f7a810 code [0x0000023966f7a9a0, 0x0000023966f7aa88]
Event: 15.373 Thread 0x00000239701d5650 3514       1       io.github.classgraph.Classfile::getConstantPoolString (58 bytes)
Event: 15.374 Thread 0x00000239701d5650 nmethod 3514 0x0000023966f7a190 code [0x0000023966f7a360, 0x0000023966f7a618]
Event: 15.432 Thread 0x00000239701d5650 3515       1       java.lang.invoke.VarHandleReferences$FieldInstanceReadWrite::set (35 bytes)
Event: 15.434 Thread 0x00000239701d5650 nmethod 3515 0x0000023966f79990 code [0x0000023966f79b80, 0x0000023966f79f88]
Event: 15.435 Thread 0x00000239701d5650 3516       1       nonapi.io.github.classgraph.concurrency.InterruptionChecker::checkAndReturn (37 bytes)
Event: 15.436 Thread 0x00000239701d5650 nmethod 3516 0x0000023966f79490 code [0x0000023966f79640, 0x0000023966f79808]
Event: 15.445 Thread 0x00000239701d5650 3517       1       nonapi.io.github.classgraph.fileslice.PathSlice::hashCode (5 bytes)
Event: 15.445 Thread 0x00000239701d5650 nmethod 3517 0x0000023966f79190 code [0x0000023966f79320, 0x0000023966f79408]

GC Heap History (20 events):
Event: 7.621 GC heap before
{Heap before GC invocations=5 (full 0):
 garbage-first heap   total 45056K, used 33020K [0x0000000091000000, 0x0000000100000000)
  region size 1024K, 26 young (26624K), 4 survivors (4096K)
 Metaspace       used 24800K, committed 25024K, reserved 1073152K
  class space    used 3038K, committed 3136K, reserved 1048576K
}
Event: 7.636 GC heap after
{Heap after GC invocations=6 (full 0):
 garbage-first heap   total 45056K, used 13142K [0x0000000091000000, 0x0000000100000000)
  region size 1024K, 3 young (3072K), 3 survivors (3072K)
 Metaspace       used 24800K, committed 25024K, reserved 1073152K
  class space    used 3038K, committed 3136K, reserved 1048576K
}
Event: 8.926 GC heap before
{Heap before GC invocations=6 (full 0):
 garbage-first heap   total 45056K, used 28502K [0x0000000091000000, 0x0000000100000000)
  region size 1024K, 19 young (19456K), 3 survivors (3072K)
 Metaspace       used 27281K, committed 27584K, reserved 1073152K
  class space    used 3412K, committed 3584K, reserved 1048576K
}
Event: 8.942 GC heap after
{Heap after GC invocations=7 (full 0):
 garbage-first heap   total 45056K, used 14524K [0x0000000091000000, 0x0000000100000000)
  region size 1024K, 3 young (3072K), 3 survivors (3072K)
 Metaspace       used 27281K, committed 27584K, reserved 1073152K
  class space    used 3412K, committed 3584K, reserved 1048576K
}
Event: 10.137 GC heap before
{Heap before GC invocations=7 (full 0):
 garbage-first heap   total 45056K, used 28860K [0x0000000091000000, 0x0000000100000000)
  region size 1024K, 18 young (18432K), 3 survivors (3072K)
 Metaspace       used 30412K, committed 30720K, reserved 1081344K
  class space    used 3826K, committed 3968K, reserved 1048576K
}
Event: 10.157 GC heap after
{Heap after GC invocations=8 (full 0):
 garbage-first heap   total 45056K, used 16141K [0x0000000091000000, 0x0000000100000000)
  region size 1024K, 2 young (2048K), 2 survivors (2048K)
 Metaspace       used 30412K, committed 30720K, reserved 1081344K
  class space    used 3826K, committed 3968K, reserved 1048576K
}
Event: 11.840 GC heap before
{Heap before GC invocations=8 (full 0):
 garbage-first heap   total 45056K, used 30477K [0x0000000091000000, 0x0000000100000000)
  region size 1024K, 17 young (17408K), 2 survivors (2048K)
 Metaspace       used 32124K, committed 32384K, reserved 1081344K
  class space    used 4069K, committed 4160K, reserved 1048576K
}
Event: 11.856 GC heap after
{Heap after GC invocations=9 (full 0):
 garbage-first heap   total 54272K, used 18334K [0x0000000091000000, 0x0000000100000000)
  region size 1024K, 3 young (3072K), 3 survivors (3072K)
 Metaspace       used 32124K, committed 32384K, reserved 1081344K
  class space    used 4069K, committed 4160K, reserved 1048576K
}
Event: 12.731 GC heap before
{Heap before GC invocations=9 (full 0):
 garbage-first heap   total 54272K, used 37790K [0x0000000091000000, 0x0000000100000000)
  region size 1024K, 23 young (23552K), 3 survivors (3072K)
 Metaspace       used 32584K, committed 32896K, reserved 1081344K
  class space    used 4141K, committed 4288K, reserved 1048576K
}
Event: 12.749 GC heap after
{Heap after GC invocations=10 (full 0):
 garbage-first heap   total 54272K, used 22127K [0x0000000091000000, 0x0000000100000000)
  region size 1024K, 3 young (3072K), 3 survivors (3072K)
 Metaspace       used 32584K, committed 32896K, reserved 1081344K
  class space    used 4141K, committed 4288K, reserved 1048576K
}
Event: 13.222 GC heap before
{Heap before GC invocations=10 (full 0):
 garbage-first heap   total 54272K, used 37487K [0x0000000091000000, 0x0000000100000000)
  region size 1024K, 19 young (19456K), 3 survivors (3072K)
 Metaspace       used 32947K, committed 33216K, reserved 1081344K
  class space    used 4197K, committed 4288K, reserved 1048576K
}
Event: 13.236 GC heap after
{Heap after GC invocations=11 (full 0):
 garbage-first heap   total 54272K, used 25446K [0x0000000091000000, 0x0000000100000000)
  region size 1024K, 3 young (3072K), 3 survivors (3072K)
 Metaspace       used 32947K, committed 33216K, reserved 1081344K
  class space    used 4197K, committed 4288K, reserved 1048576K
}
Event: 13.435 GC heap before
{Heap before GC invocations=11 (full 0):
 garbage-first heap   total 54272K, used 38758K [0x0000000091000000, 0x0000000100000000)
  region size 1024K, 16 young (16384K), 3 survivors (3072K)
 Metaspace       used 33258K, committed 33536K, reserved 1081344K
  class space    used 4247K, committed 4352K, reserved 1048576K
}
Event: 13.460 GC heap after
{Heap after GC invocations=12 (full 0):
 garbage-first heap   total 54272K, used 31294K [0x0000000091000000, 0x0000000100000000)
  region size 1024K, 2 young (2048K), 2 survivors (2048K)
 Metaspace       used 33258K, committed 33536K, reserved 1081344K
  class space    used 4247K, committed 4352K, reserved 1048576K
}
Event: 14.384 GC heap before
{Heap before GC invocations=12 (full 0):
 garbage-first heap   total 54272K, used 39486K [0x0000000091000000, 0x0000000100000000)
  region size 1024K, 10 young (10240K), 2 survivors (2048K)
 Metaspace       used 33900K, committed 34176K, reserved 1081344K
  class space    used 4400K, committed 4544K, reserved 1048576K
}
Event: 14.393 GC heap after
{Heap after GC invocations=13 (full 0):
 garbage-first heap   total 54272K, used 32375K [0x0000000091000000, 0x0000000100000000)
  region size 1024K, 1 young (1024K), 1 survivors (1024K)
 Metaspace       used 33900K, committed 34176K, reserved 1081344K
  class space    used 4400K, committed 4544K, reserved 1048576K
}
Event: 15.076 GC heap before
{Heap before GC invocations=14 (full 0):
 garbage-first heap   total 58368K, used 40567K [0x0000000091000000, 0x0000000100000000)
  region size 1024K, 9 young (9216K), 1 survivors (1024K)
 Metaspace       used 33901K, committed 34176K, reserved 1081344K
  class space    used 4400K, committed 4544K, reserved 1048576K
}
Event: 15.081 GC heap after
{Heap after GC invocations=15 (full 0):
 garbage-first heap   total 58368K, used 32325K [0x0000000091000000, 0x0000000100000000)
  region size 1024K, 1 young (1024K), 1 survivors (1024K)
 Metaspace       used 33901K, committed 34176K, reserved 1081344K
  class space    used 4400K, committed 4544K, reserved 1048576K
}
Event: 15.213 GC heap before
{Heap before GC invocations=15 (full 0):
 garbage-first heap   total 58368K, used 43589K [0x0000000091000000, 0x0000000100000000)
  region size 1024K, 12 young (12288K), 1 survivors (1024K)
 Metaspace       used 33903K, committed 34176K, reserved 1081344K
  class space    used 4402K, committed 4544K, reserved 1048576K
}
Event: 15.235 GC heap after
{Heap after GC invocations=16 (full 0):
 garbage-first heap   total 58368K, used 39329K [0x0000000091000000, 0x0000000100000000)
  region size 1024K, 2 young (2048K), 2 survivors (2048K)
 Metaspace       used 33903K, committed 34176K, reserved 1081344K
  class space    used 4402K, committed 4544K, reserved 1048576K
}

Deoptimization events (18 events):
Event: 3.388 Thread 0x0000023961fa9e90 DEOPT PACKING pc=0x00000239670cc7f5 sp=0x000000f8ba4fd730
Event: 3.388 Thread 0x0000023961fa9e90 DEOPT UNPACKING pc=0x0000023966d82b43 sp=0x000000f8ba4fcba0 mode 3
Event: 6.097 Thread 0x0000023961fa9e90 DEOPT PACKING pc=0x00000239671e5099 sp=0x000000f8ba4fcfa0
Event: 6.097 Thread 0x0000023961fa9e90 DEOPT UNPACKING pc=0x0000023966d82b43 sp=0x000000f8ba4fc480 mode 3
Event: 7.564 Thread 0x0000023961fa9e90 DEOPT PACKING pc=0x00000239672beaf5 sp=0x000000f8ba4fcc70
Event: 7.564 Thread 0x0000023961fa9e90 DEOPT UNPACKING pc=0x0000023966d82b43 sp=0x000000f8ba4fc0e0 mode 3
Event: 9.990 Thread 0x0000023961fa9e90 DEOPT PACKING pc=0x0000023967366719 sp=0x000000f8ba4fc4a0
Event: 9.990 Thread 0x0000023961fa9e90 DEOPT UNPACKING pc=0x0000023966d82b43 sp=0x000000f8ba4fb980 mode 3
Event: 10.355 Thread 0x00000239720a4ef0 DEOPT PACKING pc=0x00000239673a89ab sp=0x000000f8bbbfe550
Event: 10.355 Thread 0x00000239720a4ef0 DEOPT UNPACKING pc=0x0000023966d82b43 sp=0x000000f8bbbfda98 mode 3
Event: 13.150 Thread 0x00000239722795b0 DEOPT PACKING pc=0x00000239674c4635 sp=0x000000f8bc7fdd70
Event: 13.150 Thread 0x00000239722795b0 DEOPT UNPACKING pc=0x0000023966d82b43 sp=0x000000f8bc7fd298 mode 3
Event: 13.267 Thread 0x0000023972273d40 DEOPT PACKING pc=0x00000239671e7501 sp=0x000000f8bc2feb60
Event: 13.267 Thread 0x0000023972273d40 DEOPT UNPACKING pc=0x0000023966d82b43 sp=0x000000f8bc2fdff0 mode 3
Event: 13.366 Thread 0x0000023972273870 DEOPT PACKING pc=0x00000239674d0364 sp=0x000000f8bc1feae0
Event: 13.367 Thread 0x0000023972273870 DEOPT UNPACKING pc=0x0000023966d82b43 sp=0x000000f8bc1fe0b0 mode 0
Event: 14.779 Thread 0x0000023972273d40 DEOPT PACKING pc=0x00000239671e0597 sp=0x000000f8bc2fec90
Event: 14.780 Thread 0x0000023972273d40 DEOPT UNPACKING pc=0x0000023966d82b43 sp=0x000000f8bc2fe0e8 mode 3

Classes unloaded (0 events):
No events

Classes redefined (0 events):
No events

Internal exceptions (20 events):
Event: 11.267 Thread 0x00000239720efe10 Exception <a 'sun/nio/fs/WindowsException'{0x00000000933e3eb8}> (0x00000000933e3eb8) 
thrown [e:\jenkins\tmp\workspace\build\src\src\hotspot\share\prims\jni.cpp, line 516]
Event: 11.267 Thread 0x00000239720efe10 Exception <a 'sun/nio/fs/WindowsException'{0x00000000933e42a8}> (0x00000000933e42a8) 
thrown [e:\jenkins\tmp\workspace\build\src\src\hotspot\share\prims\jni.cpp, line 516]
Event: 13.116 Thread 0x0000023972278c10 Exception <a 'java/lang/NoSuchMethodError'{0x0000000093749d38}: 'java.lang.Object java.lang.invoke.DirectMethodHandle$Holder.invokeStatic(java.lang.Object, java.lang.Object, java.lang.Object, int, java.lang.Object, java.lang.Object)'> (0x0000000093749d38) 
thrown [e:\jenkins\tmp\workspace\build\src\src\hotspot\share\interpreter\linkResolver.cpp, line 766]
Event: 13.137 Thread 0x00000239722795b0 Exception <a 'java/lang/NoSuchMethodError'{0x000000009364ffb8}: 'java.lang.Object java.lang.invoke.DirectMethodHandle$Holder.invokeStatic(java.lang.Object, int, java.lang.Object)'> (0x000000009364ffb8) 
thrown [e:\jenkins\tmp\workspace\build\src\src\hotspot\share\interpreter\linkResolver.cpp, line 766]
Event: 13.409 Thread 0x0000023972278c10 Exception <a 'java/lang/reflect/InvocationTargetException'{0x00000000938315d0}> (0x00000000938315d0) 
thrown [e:\jenkins\tmp\workspace\build\src\src\hotspot\share\runtime\reflection.cpp, line 1121]
Event: 13.425 Thread 0x0000023972278c10 Exception <a 'java/lang/reflect/InvocationTargetException'{0x00000000938944a0}> (0x00000000938944a0) 
thrown [e:\jenkins\tmp\workspace\build\src\src\hotspot\share\runtime\reflection.cpp, line 1121]
Event: 13.428 Thread 0x0000023972278c10 Exception <a 'java/lang/reflect/InvocationTargetException'{0x00000000938cd140}> (0x00000000938cd140) 
thrown [e:\jenkins\tmp\workspace\build\src\src\hotspot\share\runtime\reflection.cpp, line 1121]
Event: 13.767 Thread 0x00000239722795b0 Exception <a 'java/lang/NoSuchMethodError'{0x00000000965b95a0}: 'int java.lang.invoke.DirectMethodHandle$Holder.invokeStatic(java.lang.Object)'> (0x00000000965b95a0) 
thrown [e:\jenkins\tmp\workspace\build\src\src\hotspot\share\interpreter\linkResolver.cpp, line 766]
Event: 13.769 Thread 0x00000239722795b0 Exception <a 'java/lang/NoSuchMethodError'{0x00000000965bcd08}: 'int java.lang.invoke.DirectMethodHandle$Holder.invokeStaticInit(java.lang.Object)'> (0x00000000965bcd08) 
thrown [e:\jenkins\tmp\workspace\build\src\src\hotspot\share\interpreter\linkResolver.cpp, line 766]
Event: 13.821 Thread 0x0000023972278c10 Exception <a 'java/lang/NoSuchMethodError'{0x000000009647f090}: 'int java.lang.invoke.DirectMethodHandle$Holder.invokeVirtual(java.lang.Object, java.lang.Object)'> (0x000000009647f090) 
thrown [e:\jenkins\tmp\workspace\build\src\src\hotspot\share\interpreter\linkResolver.cpp, line 766]
Event: 15.281 Thread 0x000002397227adc0 Exception <a 'sun/nio/fs/WindowsException'{0x0000000096736af8}> (0x0000000096736af8) 
thrown [e:\jenkins\tmp\workspace\build\src\src\hotspot\share\prims\jni.cpp, line 516]
Event: 15.282 Thread 0x000002397227adc0 Exception <a 'sun/nio/fs/WindowsException'{0x000000009673afc0}> (0x000000009673afc0) 
thrown [e:\jenkins\tmp\workspace\build\src\src\hotspot\share\prims\jni.cpp, line 516]
Event: 15.302 Thread 0x000002397227adc0 Exception <a 'sun/nio/fs/WindowsException'{0x00000000967e5f68}> (0x00000000967e5f68) 
thrown [e:\jenkins\tmp\workspace\build\src\src\hotspot\share\prims\jni.cpp, line 516]
Event: 15.302 Thread 0x000002397227adc0 Exception <a 'sun/nio/fs/WindowsException'{0x00000000967e63a0}> (0x00000000967e63a0) 
thrown [e:\jenkins\tmp\workspace\build\src\src\hotspot\share\prims\jni.cpp, line 516]
Event: 15.314 Thread 0x0000023972266140 Exception <a 'sun/nio/fs/WindowsException'{0x000000009661ae20}> (0x000000009661ae20) 
thrown [e:\jenkins\tmp\workspace\build\src\src\hotspot\share\prims\jni.cpp, line 516]
Event: 15.314 Thread 0x0000023972266140 Exception <a 'sun/nio/fs/WindowsException'{0x000000009661b230}> (0x000000009661b230) 
thrown [e:\jenkins\tmp\workspace\build\src\src\hotspot\share\prims\jni.cpp, line 516]
Event: 15.330 Thread 0x0000023972273d40 Exception <a 'sun/nio/fs/WindowsException'{0x0000000096646368}> (0x0000000096646368) 
thrown [e:\jenkins\tmp\workspace\build\src\src\hotspot\share\prims\jni.cpp, line 516]
Event: 15.330 Thread 0x0000023972273d40 Exception <a 'sun/nio/fs/WindowsException'{0x0000000096646798}> (0x0000000096646798) 
thrown [e:\jenkins\tmp\workspace\build\src\src\hotspot\share\prims\jni.cpp, line 516]
Event: 15.351 Thread 0x000002397227a8f0 Exception <a 'sun/nio/fs/WindowsException'{0x000000009668b958}> (0x000000009668b958) 
thrown [e:\jenkins\tmp\workspace\build\src\src\hotspot\share\prims\jni.cpp, line 516]
Event: 15.351 Thread 0x000002397227a8f0 Exception <a 'sun/nio/fs/WindowsException'{0x000000009668bdb8}> (0x000000009668bdb8) 
thrown [e:\jenkins\tmp\workspace\build\src\src\hotspot\share\prims\jni.cpp, line 516]

VM Operations (20 events):
Event: 15.322 Executing VM operation: ICBufferFull done
Event: 15.324 Executing VM operation: ICBufferFull
Event: 15.324 Executing VM operation: ICBufferFull done
Event: 15.327 Executing VM operation: ICBufferFull
Event: 15.328 Executing VM operation: ICBufferFull done
Event: 15.338 Executing VM operation: ICBufferFull
Event: 15.339 Executing VM operation: ICBufferFull done
Event: 15.343 Executing VM operation: ICBufferFull
Event: 15.346 Executing VM operation: ICBufferFull done
Event: 15.368 Executing VM operation: ICBufferFull
Event: 15.369 Executing VM operation: ICBufferFull done
Event: 15.375 Executing VM operation: ICBufferFull
Event: 15.376 Executing VM operation: ICBufferFull done
Event: 15.399 Executing VM operation: ICBufferFull
Event: 15.446 Executing VM operation: ICBufferFull done
Event: 15.448 Executing VM operation: ICBufferFull
Event: 15.448 Executing VM operation: ICBufferFull done
Event: 15.453 Executing VM operation: ICBufferFull
Event: 15.458 Executing VM operation: ICBufferFull done
Event: 15.458 Executing VM operation: G1Concurrent

Events (20 events):
Event: 13.464 loading class java/util/concurrent/CompletableFuture$UniApply
Event: 13.464 loading class java/util/concurrent/CompletableFuture$UniApply done
Event: 13.466 Thread 0x000002397227c100 Thread added: 0x000002397227c100
Event: 13.466 loading class java/util/concurrent/CompletableFuture$UniExceptionally
Event: 13.466 loading class java/util/concurrent/CompletableFuture$UniExceptionally done
Event: 13.793 Thread 0x000002397227a420 Thread added: 0x000002397227a420
Event: 13.805 loading class java/util/concurrent/CompletionException
Event: 13.805 loading class java/util/concurrent/CompletionException done
Event: 13.829 loading class sun/nio/cs/StringUTF16
Event: 13.829 loading class sun/nio/cs/StringUTF16 done
Event: 13.835 loading class java/util/WeakHashMap$EntrySet
Event: 13.835 loading class java/util/WeakHashMap$EntrySet done
Event: 13.835 loading class java/util/WeakHashMap$EntryIterator
Event: 13.836 loading class java/util/WeakHashMap$HashIterator
Event: 13.836 loading class java/util/WeakHashMap$HashIterator done
Event: 13.836 loading class java/util/WeakHashMap$EntryIterator done
Event: 14.939 Thread 0x0000023970ded980 Thread exited: 0x0000023970ded980
Event: 14.960 Thread 0x0000023970ded470 Thread exited: 0x0000023970ded470
Event: 15.252 loading class sun/nio/fs/WindowsChannelFactory$2
Event: 15.252 loading class sun/nio/fs/WindowsChannelFactory$2 done


Dynamic libraries:
0x00007ff731ba0000 - 0x00007ff731bae000 	c:\Users\Pratap\.vscode\extensions\redhat.java-1.7.0-win32-x64\jre\17.0.3-win32-x86_64\bin\java.exe
0x00007ff86aad0000 - 0x00007ff86acc7000 	C:\WINDOWS\SYSTEM32\ntdll.dll
0x00007ff869be0000 - 0x00007ff869c9d000 	C:\WINDOWS\System32\KERNEL32.DLL
0x00007ff8681f0000 - 0x00007ff8684bd000 	C:\WINDOWS\System32\KERNELBASE.dll
0x00007ff8684f0000 - 0x00007ff8685f0000 	C:\WINDOWS\System32\ucrtbase.dll
0x00007ff8558b0000 - 0x00007ff8558c9000 	c:\Users\Pratap\.vscode\extensions\redhat.java-1.7.0-win32-x64\jre\17.0.3-win32-x86_64\bin\VCRUNTIME140.dll
0x00007ff85ab90000 - 0x00007ff85aba8000 	c:\Users\Pratap\.vscode\extensions\redhat.java-1.7.0-win32-x64\jre\17.0.3-win32-x86_64\bin\jli.dll
0x00007ff869de0000 - 0x00007ff869f80000 	C:\WINDOWS\System32\USER32.dll
0x00007ff8684c0000 - 0x00007ff8684e2000 	C:\WINDOWS\System32\win32u.dll
0x00007ff869670000 - 0x00007ff86969a000 	C:\WINDOWS\System32\GDI32.dll
0x00007ff868740000 - 0x00007ff86884b000 	C:\WINDOWS\System32\gdi32full.dll
0x00007ff859180000 - 0x00007ff85941a000 	C:\WINDOWS\WinSxS\amd64_microsoft.windows.common-controls_6595b64144ccf1df_6.0.19041.1110_none_60b5254171f9507e\COMCTL32.dll
0x00007ff8685f0000 - 0x00007ff86868d000 	C:\WINDOWS\System32\msvcp_win.dll
0x00007ff869f80000 - 0x00007ff86a01e000 	C:\WINDOWS\System32\msvcrt.dll
0x00007ff869840000 - 0x00007ff869870000 	C:\WINDOWS\System32\IMM32.DLL
0x00007ff864b40000 - 0x00007ff864b4c000 	c:\Users\Pratap\.vscode\extensions\redhat.java-1.7.0-win32-x64\jre\17.0.3-win32-x86_64\bin\vcruntime140_1.dll
0x00007ff831d40000 - 0x00007ff831dd1000 	c:\Users\Pratap\.vscode\extensions\redhat.java-1.7.0-win32-x64\jre\17.0.3-win32-x86_64\bin\msvcp140.dll
0x00007ff82b7f0000 - 0x00007ff82c438000 	c:\Users\Pratap\.vscode\extensions\redhat.java-1.7.0-win32-x64\jre\17.0.3-win32-x86_64\bin\server\jvm.dll
0x00007ff868b30000 - 0x00007ff868bde000 	C:\WINDOWS\System32\ADVAPI32.dll
0x00007ff869b40000 - 0x00007ff869bdc000 	C:\WINDOWS\System32\sechost.dll
0x00007ff86a8b0000 - 0x00007ff86a9d5000 	C:\WINDOWS\System32\RPCRT4.dll
0x00007ff86a380000 - 0x00007ff86a388000 	C:\WINDOWS\System32\PSAPI.DLL
0x00007ff85f230000 - 0x00007ff85f257000 	C:\WINDOWS\SYSTEM32\WINMM.dll
0x00007ff861290000 - 0x00007ff861299000 	C:\WINDOWS\SYSTEM32\WSOCK32.dll
0x00007ff869d70000 - 0x00007ff869ddb000 	C:\WINDOWS\System32\WS2_32.dll
0x00007ff85f260000 - 0x00007ff85f26a000 	C:\WINDOWS\SYSTEM32\VERSION.dll
0x00007ff866e30000 - 0x00007ff866e42000 	C:\WINDOWS\SYSTEM32\kernel.appcore.dll
0x00007ff85e480000 - 0x00007ff85e48a000 	c:\Users\Pratap\.vscode\extensions\redhat.java-1.7.0-win32-x64\jre\17.0.3-win32-x86_64\bin\jimage.dll
0x00007ff866bd0000 - 0x00007ff866db4000 	C:\WINDOWS\SYSTEM32\DBGHELP.DLL
0x00007ff8565f0000 - 0x00007ff85661c000 	C:\WINDOWS\SYSTEM32\dbgcore.DLL
0x00007ff868aa0000 - 0x00007ff868b22000 	C:\WINDOWS\System32\bcryptPrimitives.dll
0x00007ff8557d0000 - 0x00007ff8557f5000 	c:\Users\Pratap\.vscode\extensions\redhat.java-1.7.0-win32-x64\jre\17.0.3-win32-x86_64\bin\java.dll
0x00007ff855890000 - 0x00007ff8558a8000 	c:\Users\Pratap\.vscode\extensions\redhat.java-1.7.0-win32-x64\jre\17.0.3-win32-x86_64\bin\zip.dll
0x00007ff868ec0000 - 0x00007ff869604000 	C:\WINDOWS\System32\SHELL32.dll
0x00007ff866000000 - 0x00007ff866794000 	C:\WINDOWS\SYSTEM32\windows.storage.dll
0x00007ff86a020000 - 0x00007ff86a374000 	C:\WINDOWS\System32\combase.dll
0x00007ff867be0000 - 0x00007ff867c0c000 	C:\WINDOWS\SYSTEM32\Wldp.dll
0x00007ff86a9e0000 - 0x00007ff86aa8d000 	C:\WINDOWS\System32\SHCORE.dll
0x00007ff868c90000 - 0x00007ff868ce5000 	C:\WINDOWS\System32\shlwapi.dll
0x00007ff868130000 - 0x00007ff86814f000 	C:\WINDOWS\SYSTEM32\profapi.dll
0x00007ff8557b0000 - 0x00007ff8557c9000 	C:\Users\Pratap\.vscode\extensions\redhat.java-1.7.0-win32-x64\jre\17.0.3-win32-x86_64\bin\net.dll
0x00007ff85de90000 - 0x00007ff85df9a000 	C:\WINDOWS\SYSTEM32\WINHTTP.dll
0x00007ff8678e0000 - 0x00007ff86794a000 	C:\WINDOWS\system32\mswsock.dll
0x00007ff84eae0000 - 0x00007ff84eaf5000 	C:\Users\Pratap\.vscode\extensions\redhat.java-1.7.0-win32-x64\jre\17.0.3-win32-x86_64\bin\nio.dll
0x00007ff85ab50000 - 0x00007ff85ab60000 	c:\Users\Pratap\.vscode\extensions\redhat.java-1.7.0-win32-x64\jre\17.0.3-win32-x86_64\bin\verify.dll
0x00007ff864b50000 - 0x00007ff864b59000 	C:\Users\Pratap\.vscode\extensions\redhat.java-1.7.0-win32-x64\jre\17.0.3-win32-x86_64\bin\management.dll
0x00007ff864b30000 - 0x00007ff864b3b000 	C:\Users\Pratap\.vscode\extensions\redhat.java-1.7.0-win32-x64\jre\17.0.3-win32-x86_64\bin\management_ext.dll
0x00007ff855b90000 - 0x00007ff855ba7000 	C:\WINDOWS\system32\napinsp.dll
0x00007ff854030000 - 0x00007ff85404b000 	C:\WINDOWS\system32\pnrpnsp.dll
0x00007ff8550f0000 - 0x00007ff855105000 	C:\WINDOWS\system32\wshbth.dll
0x00007ff862d30000 - 0x00007ff862d4d000 	C:\WINDOWS\system32\NLAapi.dll
0x00007ff8675d0000 - 0x00007ff86760b000 	C:\WINDOWS\SYSTEM32\IPHLPAPI.DLL
0x00007ff867610000 - 0x00007ff8676db000 	C:\WINDOWS\SYSTEM32\DNSAPI.dll
0x00007ff8696a0000 - 0x00007ff8696a8000 	C:\WINDOWS\System32\NSI.dll
0x00007ff8550d0000 - 0x00007ff8550e2000 	C:\WINDOWS\System32\winrnr.dll
0x00007ff859e60000 - 0x00007ff859e6a000 	C:\Windows\System32\rasadhlp.dll
0x00007ff85a090000 - 0x00007ff85a110000 	C:\WINDOWS\System32\fwpuclnt.dll
0x00007ff8688c0000 - 0x00007ff8688e7000 	C:\WINDOWS\System32\bcrypt.dll
0x00007ff867ad0000 - 0x00007ff867ae8000 	C:\WINDOWS\SYSTEM32\CRYPTSP.dll
0x00007ff867260000 - 0x00007ff867294000 	C:\WINDOWS\system32\rsaenh.dll
0x00007ff8680f0000 - 0x00007ff86811e000 	C:\WINDOWS\SYSTEM32\USERENV.dll
0x00007ff867af0000 - 0x00007ff867afc000 	C:\WINDOWS\SYSTEM32\CRYPTBASE.dll
0x00007ff85e1d0000 - 0x00007ff85e1e7000 	C:\WINDOWS\SYSTEM32\dhcpcsvc6.DLL
0x00007ff85e1b0000 - 0x00007ff85e1cd000 	C:\WINDOWS\SYSTEM32\dhcpcsvc.DLL

dbghelp: loaded successfully - version: 4.0.5 - missing functions: none
symbol engine: initialized successfully - sym options: 0x614 - pdb path: .;c:\Users\Pratap\.vscode\extensions\redhat.java-1.7.0-win32-x64\jre\17.0.3-win32-x86_64\bin;C:\WINDOWS\SYSTEM32;C:\WINDOWS\WinSxS\amd64_microsoft.windows.common-controls_6595b64144ccf1df_6.0.19041.1110_none_60b5254171f9507e;c:\Users\Pratap\.vscode\extensions\redhat.java-1.7.0-win32-x64\jre\17.0.3-win32-x86_64\bin\server

VM Arguments:
jvm_args: --add-modules=ALL-SYSTEM --add-exports=jdk.compiler/com.sun.tools.javac.file=ALL-UNNAMED --add-exports=jdk.compiler/com.sun.tools.javac.util=ALL-UNNAMED --add-exports=jdk.compiler/com.sun.tools.javac.comp=ALL-UNNAMED --add-exports=jdk.compiler/com.sun.tools.javac.main=ALL-UNNAMED --add-exports=jdk.compiler/com.sun.tools.javac.tree=ALL-UNNAMED --add-exports=jdk.compiler/com.sun.tools.javac.code=ALL-UNNAMED -Dsts.lsp.client=vscode -Dsts.log.file=/dev/null -XX:TieredStopAtLevel=1 -Dspring.config.location=file:c:\Users\Pratap\.vscode\extensions\pivotal.vscode-spring-boot-1.36.0\language-server\BOOT-INF\classes\application.properties 
java_command: org.springframework.ide.vscode.boot.app.BootLanguageServerBootApp
java_class_path (initial): c:\Users\Pratap\.vscode\extensions\pivotal.vscode-spring-boot-1.36.0\language-server\BOOT-INF\classes;c:\Users\Pratap\.vscode\extensions\pivotal.vscode-spring-boot-1.36.0\language-server\BOOT-INF\lib\annotations-23.0.0.jar;c:\Users\Pratap\.vscode\extensions\pivotal.vscode-spring-boot-1.36.0\language-server\BOOT-INF\lib\antlr-runtime-3.5.2.jar;c:\Users\Pratap\.vscode\extensions\pivotal.vscode-spring-boot-1.36.0\language-server\BOOT-INF\lib\antlr4-4.9.3.jar;c:\Users\Pratap\.vscode\extensions\pivotal.vscode-spring-boot-1.36.0\language-server\BOOT-INF\lib\antlr4-runtime-4.9.3.jar;c:\Users\Pratap\.vscode\extensions\pivotal.vscode-spring-boot-1.36.0\language-server\BOOT-INF\lib\asm-9.3.jar;c:\Users\Pratap\.vscode\extensions\pivotal.vscode-spring-boot-1.36.0\language-server\BOOT-INF\lib\asm-analysis-9.3.jar;c:\Users\Pratap\.vscode\extensions\pivotal.vscode-spring-boot-1.36.0\language-server\BOOT-INF\lib\asm-tree-9.3.jar;c:\Users\Pratap\.vscode\extensions\pivotal.vscode-spring-boot-1.36.0\language-server\BOOT-INF\lib\asm-util-9.3.jar;c:\Users\Pratap\.vscode\extensions\pivotal.vscode-spring-boot-1.36.0\language-server\BOOT-INF\lib\byte-buddy-1.10.18.jar;c:\Users\Pratap\.vscode\extensions\pivotal.vscode-spring-boot-1.36.0\language-server\BOOT-INF\lib\caffeine-2.8.6.jar;c:\Users\Pratap\.vscode\extensions\pivotal.vscode-spring-boot-1.36.0\language-server\BOOT-INF\lib\checker-qual-3.12.0.jar;c:\Users\Pratap\.vscode\extensions\pivotal.vscode-spring-boot-1.36.0\language-server\BOOT-INF\lib\classgraph-4.8.146.jar;c:\Users\Pratap\.vscode\extensions\pivotal.vscode-spring-boot-1.36.0\language-server\BOOT-INF\lib\commons-codec-1.14.jar;c:\Users\Pratap\.vscode\extensions\pivotal.vscode-spring-boot-1.36.0\language-server\BOOT-INF\lib\commons-compress-1.21.jar;c:\Users\Pratap\.vscode\extensions\pivotal.vscode-spring-boot-1.36.0\language-server\BOOT-INF\lib\commons-exec-1.3.jar;c:\Users\Pratap\.vscode\extensions\pivotal.vscode-spring-boot-1.36.0\language-server
Launcher Type: SUN_STANDARD

[Global flags]
     intx CICompilerCount                          = 3                                         {product} {ergonomic}
     uint ConcGCThreads                            = 1                                         {product} {ergonomic}
     uint G1ConcRefinementThreads                  = 4                                         {product} {ergonomic}
   size_t G1HeapRegionSize                         = 1048576                                   {product} {ergonomic}
    uintx GCDrainStackTargetSize                   = 64                                        {product} {ergonomic}
   size_t InitialHeapSize                          = 117440512                                 {product} {ergonomic}
   size_t MarkStackSize                            = 4194304                                   {product} {ergonomic}
   size_t MaxHeapSize                              = 1862270976                                {product} {ergonomic}
   size_t MaxNewSize                               = 1116733440                                {product} {ergonomic}
   size_t MinHeapDeltaBytes                        = 1048576                                   {product} {ergonomic}
   size_t MinHeapSize                              = 8388608                                   {product} {ergonomic}
    uintx NonProfiledCodeHeapSize                  = 0                                      {pd product} {ergonomic}
     bool ProfileInterpreter                       = false                                  {pd product} {command line}
    uintx ProfiledCodeHeapSize                     = 0                                      {pd product} {ergonomic}
   size_t SoftMaxHeapSize                          = 1862270976                             {manageable} {ergonomic}
     intx TieredStopAtLevel                        = 1                                         {product} {command line}
     bool UseCompressedClassPointers               = true                           {product lp64_product} {ergonomic}
     bool UseCompressedOops                        = true                           {product lp64_product} {ergonomic}
     bool UseG1GC                                  = true                                      {product} {ergonomic}
     bool UseLargePagesIndividualAllocation        = false                                  {pd product} {ergonomic}

Logging:
Log output configuration:
 #0: stdout all=warning uptime,level,tags
 #1: stderr all=off uptime,level,tags

Environment Variables:
JAVA_HOME=C:\Program Files\Java\jdk1.8.0_261
PATH=C:\WINDOWS\system32;C:\WINDOWS;C:\WINDOWS\System32\Wbem;C:\WINDOWS\System32\WindowsPowerShell\v1.0\;c:\Program Files (x86)\ATI Technologies\ATI.ACE\Core-Static;C:\WINDOWS\System32\OpenSSH\;C:\Program Files\Java\jdk1.8.0_261\bin;F:\Softwares\maven\apache-maven-3.6.3\bin;C:\Program Files\Git\cmd;C:\Program Files\Git\mingw64\bin;C:\Program Files\Git\usr\bin;C:\Program Files\nodejs\;C:\Program Files\MongoDB\Server\4.4\bin;C:\Program Files\MySQL\MySQL Server 8.0\bin;C:\Users\Pratap\AppData\Local\Microsoft\WindowsApps;C:\Users\Pratap\AppData\Local\Programs\Microsoft VS Code\bin;C:\Users\Pratap\AppData\Roaming\npm;C:\adb;C:\Program Files\PuTTY\;C:\Program Files\Docker\Docker\resources\bin;C:\ProgramData\DockerDesktop\version-bin;C:\Users\Pratap\AppData\Local\Microsoft\WindowsApps;C:\Users\Pratap\AppData\Local\Programs\Microsoft VS Code\bin;C:\Users\Pratap\AppData\Roaming\npm
USERNAME=gopi
OS=Windows_NT
PROCESSOR_IDENTIFIER=AMD64 Family 22 Model 48 Stepping 1, AuthenticAMD



---------------  S Y S T E M  ---------------

OS:
 Windows 10 , 64 bit Build 19041 (10.0.19041.1741)
OS uptime: 0 days 6:24 hours
Hyper-V role detected

CPU: total 4 (initial active 4) (4 cores per cpu, 1 threads per core) family 22 model 48 stepping 1 microcode 0x0, cx8, cmov, fxsr, mmx, 3dnowpref, sse, sse2, sse3, ssse3, sse4a, sse4.1, sse4.2, popcnt, lzcnt, tsc, tscinvbit, avx, aes, clmul, bmi1, vzeroupper, clflush, hv

Memory: 4k page, system-wide physical 7102M (430M free)
TotalPageFile size 28606M (AvailPageFile size 14M)
current process WorkingSet (physical memory assigned to process): 149M, peak: 149M
current process commit charge ("private bytes"): 178M, peak: 207M

vm_info: OpenJDK 64-Bit Server VM (17.0.3+7) for windows-amd64 JRE (17.0.3+7), built on Apr 19 2022 16:55:35 by "" with MS VC++ 16.7 (VS2019)

END.
