#
# There is insufficient memory for the Java Runtime Environment to continue.
# Native memory allocation (malloc) failed to allocate 32744 bytes for ChunkPool::allocate
# Possible reasons:
#   The system is out of physical RAM or swap space
#   The process is running with CompressedOops enabled, and the Java Heap may be blocking the growth of the native heap
# Possible solutions:
#   Reduce memory load on the system
#   Increase physical memory or swap space
#   Check if swap backing store is full
#   Decrease Java heap size (-Xmx/-Xms)
#   Decrease number of Java threads
#   Decrease Java thread stack sizes (-Xss)
#   Set larger code cache with -XX:ReservedCodeCacheSize=
#   JVM is running with Unscaled Compressed Oops mode in which the Java heap is
#     placed in the first 4GB address space. The Java Heap base address is the
#     maximum limit for the native heap growth. Please use -XX:HeapBaseMinAddress
#     to set the Java Heap base and to place the Java Heap above 4GB virtual address.
# This output file may be truncated or incomplete.
#
#  Out of Memory Error (arena.cpp:78), pid=13352, tid=7884
#
# JRE version: OpenJDK Runtime Environment Temurin-17.0.3+7 (17.0.3+7) (build 17.0.3+7)
# Java VM: OpenJDK 64-Bit Server VM Temurin-17.0.3+7 (17.0.3+7, mixed mode, emulated-client, tiered, compressed oops, compressed class ptrs, g1 gc, windows-amd64)
# No core dump will be written. Minidumps are not enabled by default on client versions of Windows
#

---------------  S U M M A R Y ------------

Command Line: --add-modules=ALL-SYSTEM --add-exports=jdk.compiler/com.sun.tools.javac.file=ALL-UNNAMED --add-exports=jdk.compiler/com.sun.tools.javac.util=ALL-UNNAMED --add-exports=jdk.compiler/com.sun.tools.javac.comp=ALL-UNNAMED --add-exports=jdk.compiler/com.sun.tools.javac.main=ALL-UNNAMED --add-exports=jdk.compiler/com.sun.tools.javac.tree=ALL-UNNAMED --add-exports=jdk.compiler/com.sun.tools.javac.code=ALL-UNNAMED -Dsts.lsp.client=vscode -Dsts.log.file=/dev/null -XX:TieredStopAtLevel=1 -Dspring.config.location=file:c:\Users\Pratap\.vscode\extensions\pivotal.vscode-spring-boot-1.36.0\language-server\BOOT-INF\classes\application.properties org.springframework.ide.vscode.boot.app.BootLanguageServerBootApp

Host: AMD A6-6310 APU with AMD Radeon R4 Graphics    , 4 cores, 6G,  Windows 10 , 64 bit Build 19041 (10.0.19041.1741)
Time: Thu Jun 30 14:53:56 2022 India Standard Time elapsed time: 16.521655 seconds (0d 0h 0m 16s)

---------------  T H R E A D  ---------------

Current thread (0x0000021a5ad89690):  JavaThread "main" [_thread_in_vm, id=7884, stack(0x0000002cf6e00000,0x0000002cf6f00000)]

Stack: [0x0000002cf6e00000,0x0000002cf6f00000]
Native frames: (J=compiled Java code, j=interpreted, Vv=VM code, C=native code)
V  [jvm.dll+0x675efa]
V  [jvm.dll+0x830a24]
V  [jvm.dll+0x8321ce]
V  [jvm.dll+0x832833]
V  [jvm.dll+0x2454b5]
V  [jvm.dll+0xabfc0]
V  [jvm.dll+0xac30c]
V  [jvm.dll+0x1f20fa]
V  [jvm.dll+0x1f0d42]
V  [jvm.dll+0x7aae5b]
V  [jvm.dll+0x7ac202]
V  [jvm.dll+0x7ac538]
V  [jvm.dll+0x23d79e]
V  [jvm.dll+0x37ed5e]
C  0x0000021a5da299ee

Java frames: (J=compiled Java code, j=interpreted, Vv=VM code)
j  sun.net.www.protocol.jar.URLJarFile.getEntry(Ljava/lang/String;)Ljava/util/zip/ZipEntry;+17 java.base@17.0.3
j  sun.net.www.protocol.jar.JarURLConnection.connect()V+59 java.base@17.0.3
j  sun.net.www.protocol.jar.JarURLConnection.getInputStream()Ljava/io/InputStream;+1 java.base@17.0.3
j  ch.qos.logback.core.joran.GenericConfigurator.doConfigure(Ljava/net/URL;)V+21
j  ch.qos.logback.classic.util.ContextInitializer.configureByResource(Ljava/net/URL;)V+103
j  ch.qos.logback.classic.util.ContextInitializer.autoConfig()V+19
j  org.slf4j.impl.StaticLoggerBinder.init()V+11
j  org.slf4j.impl.StaticLoggerBinder.<clinit>()V+28
v  ~StubRoutines::call_stub
j  org.slf4j.LoggerFactory.bind()V+16
j  org.slf4j.LoggerFactory.performInitialization()V+0
j  org.slf4j.LoggerFactory.getILoggerFactory()Lorg/slf4j/ILoggerFactory;+22
j  org.slf4j.LoggerFactory.getLogger(Ljava/lang/String;)Lorg/slf4j/Logger;+0
j  reactor.util.Loggers$Slf4JLoggerFactory.getLogger(Ljava/lang/String;)Lreactor/util/Logger;+5
j  reactor.util.Loggers.useSl4jLoggers()V+17
j  reactor.util.Loggers.resetLoggerFactory()V+0
j  reactor.util.Loggers.<clinit>()V+0
v  ~StubRoutines::call_stub
j  reactor.core.publisher.Hooks.<clinit>()V+2
v  ~StubRoutines::call_stub
j  org.springframework.ide.vscode.boot.app.BootLanguageServerBootApp.main([Ljava/lang/String;)V+0
v  ~StubRoutines::call_stub

---------------  P R O C E S S  ---------------

Threads class SMR info:
_java_thread_list=0x0000021a67e35f80, length=11, elements={
0x0000021a5ad89690, 0x0000021a66fcd790, 0x0000021a66fce510, 0x0000021a6700e130,
0x0000021a6700fb60, 0x0000021a67010420, 0x0000021a67010ce0, 0x0000021a67011650,
0x0000021a67011f50, 0x0000021a66f541e0, 0x0000021a67e317c0
}

Java Threads: ( => current thread )
=>0x0000021a5ad89690 JavaThread "main" [_thread_in_vm, id=7884, stack(0x0000002cf6e00000,0x0000002cf6f00000)]
  0x0000021a66fcd790 JavaThread "Reference Handler" daemon [_thread_blocked, id=2296, stack(0x0000002cf7500000,0x0000002cf7600000)]
  0x0000021a66fce510 JavaThread "Finalizer" daemon [_thread_blocked, id=7532, stack(0x0000002cf7600000,0x0000002cf7700000)]
  0x0000021a6700e130 JavaThread "Signal Dispatcher" daemon [_thread_blocked, id=15612, stack(0x0000002cf7700000,0x0000002cf7800000)]
  0x0000021a6700fb60 JavaThread "Attach Listener" daemon [_thread_blocked, id=1452, stack(0x0000002cf7800000,0x0000002cf7900000)]
  0x0000021a67010420 JavaThread "Service Thread" daemon [_thread_blocked, id=5468, stack(0x0000002cf7900000,0x0000002cf7a00000)]
  0x0000021a67010ce0 JavaThread "Monitor Deflation Thread" daemon [_thread_blocked, id=6804, stack(0x0000002cf7a00000,0x0000002cf7b00000)]
  0x0000021a67011650 JavaThread "C1 CompilerThread0" daemon [_thread_in_native, id=14020, stack(0x0000002cf7b00000,0x0000002cf7c00000)]
  0x0000021a67011f50 JavaThread "Sweeper thread" daemon [_thread_blocked, id=15252, stack(0x0000002cf7c00000,0x0000002cf7d00000)]
  0x0000021a66f541e0 JavaThread "Common-Cleaner" daemon [_thread_blocked, id=5460, stack(0x0000002cf7d00000,0x0000002cf7e00000)]
  0x0000021a67e317c0 JavaThread "Notification Thread" daemon [_thread_blocked, id=12700, stack(0x0000002cf7f00000,0x0000002cf8000000)]

Other Threads:
  0x0000021a66fb56f0 VMThread "VM Thread" [stack: 0x0000002cf7400000,0x0000002cf7500000] [id=8428]
  0x0000021a67e31c90 WatcherThread [stack: 0x0000002cf8000000,0x0000002cf8100000] [id=16108]
  0x0000021a5addd3b0 GCTaskThread "GC Thread#0" [stack: 0x0000002cf6f00000,0x0000002cf7000000] [id=6260]
  0x0000021a5adec0f0 ConcurrentGCThread "G1 Main Marker" [stack: 0x0000002cf7000000,0x0000002cf7100000] [id=16296]
  0x0000021a5adecb00 ConcurrentGCThread "G1 Conc#0" [stack: 0x0000002cf7100000,0x0000002cf7200000] [id=6236]
  0x0000021a5ae511b0 ConcurrentGCThread "G1 Refine#0" [stack: 0x0000002cf7200000,0x0000002cf7300000] [id=16996]
  0x0000021a5ae51bd0 ConcurrentGCThread "G1 Service" [stack: 0x0000002cf7300000,0x0000002cf7400000] [id=13460]

Threads with active compile tasks:
C1 CompilerThread0    16681  540       1       java.net.URLStreamHandler::parseURL (1201 bytes)

VM state: not at safepoint (normal execution)

VM Mutex/Monitor currently owned by a thread: None

Heap address: 0x0000000091000000, size: 1776 MB, Compressed Oops mode: 32-bit

CDS archive(s) not mapped
Compressed class space mapped at: 0x0000000100000000-0x0000000140000000, reserved size: 1073741824
Narrow klass base: 0x0000000000000000, Narrow klass shift: 3, Narrow klass range: 0x140000000

GC Precious Log:
 CPUs: 4 total, 4 available
 Memory: 7102M
 Large Page Support: Disabled
 NUMA Support: Disabled
 Compressed Oops: Enabled (32-bit)
 Heap Region Size: 1M
 Heap Min Capacity: 8M
 Heap Initial Capacity: 112M
 Heap Max Capacity: 1776M
 Pre-touch: Disabled
 Parallel Workers: 4
 Concurrent Workers: 1
 Concurrent Refinement Workers: 4
 Periodic GC: Disabled

Heap:
 garbage-first heap   total 114688K, used 11264K [0x0000000091000000, 0x0000000100000000)
  region size 1024K, 13 young (13312K), 0 survivors (0K)
 Metaspace       used 6686K, committed 6784K, reserved 1056768K
  class space    used 692K, committed 768K, reserved 1048576K

Heap Regions: E=young(eden), S=young(survivor), O=old, HS=humongous(starts), HC=humongous(continues), CS=collection set, F=free, OA=open archive, CA=closed archive, TAMS=top-at-mark-start (previous, next)
|   0|0x0000000091000000, 0x0000000091000000, 0x0000000091100000|  0%| F|  |TAMS 0x0000000091000000, 0x0000000091000000| Untracked 
|   1|0x0000000091100000, 0x0000000091100000, 0x0000000091200000|  0%| F|  |TAMS 0x0000000091100000, 0x0000000091100000| Untracked 
|   2|0x0000000091200000, 0x0000000091200000, 0x0000000091300000|  0%| F|  |TAMS 0x0000000091200000, 0x0000000091200000| Untracked 
|   3|0x0000000091300000, 0x0000000091300000, 0x0000000091400000|  0%| F|  |TAMS 0x0000000091300000, 0x0000000091300000| Untracked 
|   4|0x0000000091400000, 0x0000000091400000, 0x0000000091500000|  0%| F|  |TAMS 0x0000000091400000, 0x0000000091400000| Untracked 
|   5|0x0000000091500000, 0x0000000091500000, 0x0000000091600000|  0%| F|  |TAMS 0x0000000091500000, 0x0000000091500000| Untracked 
|   6|0x0000000091600000, 0x0000000091600000, 0x0000000091700000|  0%| F|  |TAMS 0x0000000091600000, 0x0000000091600000| Untracked 
|   7|0x0000000091700000, 0x0000000091700000, 0x0000000091800000|  0%| F|  |TAMS 0x0000000091700000, 0x0000000091700000| Untracked 
|   8|0x0000000091800000, 0x0000000091800000, 0x0000000091900000|  0%| F|  |TAMS 0x0000000091800000, 0x0000000091800000| Untracked 
|   9|0x0000000091900000, 0x0000000091900000, 0x0000000091a00000|  0%| F|  |TAMS 0x0000000091900000, 0x0000000091900000| Untracked 
|  10|0x0000000091a00000, 0x0000000091a00000, 0x0000000091b00000|  0%| F|  |TAMS 0x0000000091a00000, 0x0000000091a00000| Untracked 
|  11|0x0000000091b00000, 0x0000000091b00000, 0x0000000091c00000|  0%| F|  |TAMS 0x0000000091b00000, 0x0000000091b00000| Untracked 
|  12|0x0000000091c00000, 0x0000000091c00000, 0x0000000091d00000|  0%| F|  |TAMS 0x0000000091c00000, 0x0000000091c00000| Untracked 
|  13|0x0000000091d00000, 0x0000000091d00000, 0x0000000091e00000|  0%| F|  |TAMS 0x0000000091d00000, 0x0000000091d00000| Untracked 
|  14|0x0000000091e00000, 0x0000000091e00000, 0x0000000091f00000|  0%| F|  |TAMS 0x0000000091e00000, 0x0000000091e00000| Untracked 
|  15|0x0000000091f00000, 0x0000000091f00000, 0x0000000092000000|  0%| F|  |TAMS 0x0000000091f00000, 0x0000000091f00000| Untracked 
|  16|0x0000000092000000, 0x0000000092000000, 0x0000000092100000|  0%| F|  |TAMS 0x0000000092000000, 0x0000000092000000| Untracked 
|  17|0x0000000092100000, 0x0000000092100000, 0x0000000092200000|  0%| F|  |TAMS 0x0000000092100000, 0x0000000092100000| Untracked 
|  18|0x0000000092200000, 0x0000000092200000, 0x0000000092300000|  0%| F|  |TAMS 0x0000000092200000, 0x0000000092200000| Untracked 
|  19|0x0000000092300000, 0x0000000092300000, 0x0000000092400000|  0%| F|  |TAMS 0x0000000092300000, 0x0000000092300000| Untracked 
|  20|0x0000000092400000, 0x0000000092400000, 0x0000000092500000|  0%| F|  |TAMS 0x0000000092400000, 0x0000000092400000| Untracked 
|  21|0x0000000092500000, 0x0000000092500000, 0x0000000092600000|  0%| F|  |TAMS 0x0000000092500000, 0x0000000092500000| Untracked 
|  22|0x0000000092600000, 0x0000000092600000, 0x0000000092700000|  0%| F|  |TAMS 0x0000000092600000, 0x0000000092600000| Untracked 
|  23|0x0000000092700000, 0x0000000092700000, 0x0000000092800000|  0%| F|  |TAMS 0x0000000092700000, 0x0000000092700000| Untracked 
|  24|0x0000000092800000, 0x0000000092800000, 0x0000000092900000|  0%| F|  |TAMS 0x0000000092800000, 0x0000000092800000| Untracked 
|  25|0x0000000092900000, 0x0000000092900000, 0x0000000092a00000|  0%| F|  |TAMS 0x0000000092900000, 0x0000000092900000| Untracked 
|  26|0x0000000092a00000, 0x0000000092a00000, 0x0000000092b00000|  0%| F|  |TAMS 0x0000000092a00000, 0x0000000092a00000| Untracked 
|  27|0x0000000092b00000, 0x0000000092b00000, 0x0000000092c00000|  0%| F|  |TAMS 0x0000000092b00000, 0x0000000092b00000| Untracked 
|  28|0x0000000092c00000, 0x0000000092c00000, 0x0000000092d00000|  0%| F|  |TAMS 0x0000000092c00000, 0x0000000092c00000| Untracked 
|  29|0x0000000092d00000, 0x0000000092d00000, 0x0000000092e00000|  0%| F|  |TAMS 0x0000000092d00000, 0x0000000092d00000| Untracked 
|  30|0x0000000092e00000, 0x0000000092e00000, 0x0000000092f00000|  0%| F|  |TAMS 0x0000000092e00000, 0x0000000092e00000| Untracked 
|  31|0x0000000092f00000, 0x0000000092f00000, 0x0000000093000000|  0%| F|  |TAMS 0x0000000092f00000, 0x0000000092f00000| Untracked 
|  32|0x0000000093000000, 0x0000000093000000, 0x0000000093100000|  0%| F|  |TAMS 0x0000000093000000, 0x0000000093000000| Untracked 
|  33|0x0000000093100000, 0x0000000093100000, 0x0000000093200000|  0%| F|  |TAMS 0x0000000093100000, 0x0000000093100000| Untracked 
|  34|0x0000000093200000, 0x0000000093200000, 0x0000000093300000|  0%| F|  |TAMS 0x0000000093200000, 0x0000000093200000| Untracked 
|  35|0x0000000093300000, 0x0000000093300000, 0x0000000093400000|  0%| F|  |TAMS 0x0000000093300000, 0x0000000093300000| Untracked 
|  36|0x0000000093400000, 0x0000000093400000, 0x0000000093500000|  0%| F|  |TAMS 0x0000000093400000, 0x0000000093400000| Untracked 
|  37|0x0000000093500000, 0x0000000093500000, 0x0000000093600000|  0%| F|  |TAMS 0x0000000093500000, 0x0000000093500000| Untracked 
|  38|0x0000000093600000, 0x0000000093600000, 0x0000000093700000|  0%| F|  |TAMS 0x0000000093600000, 0x0000000093600000| Untracked 
|  39|0x0000000093700000, 0x0000000093700000, 0x0000000093800000|  0%| F|  |TAMS 0x0000000093700000, 0x0000000093700000| Untracked 
|  40|0x0000000093800000, 0x0000000093800000, 0x0000000093900000|  0%| F|  |TAMS 0x0000000093800000, 0x0000000093800000| Untracked 
|  41|0x0000000093900000, 0x0000000093900000, 0x0000000093a00000|  0%| F|  |TAMS 0x0000000093900000, 0x0000000093900000| Untracked 
|  42|0x0000000093a00000, 0x0000000093a00000, 0x0000000093b00000|  0%| F|  |TAMS 0x0000000093a00000, 0x0000000093a00000| Untracked 
|  43|0x0000000093b00000, 0x0000000093b00000, 0x0000000093c00000|  0%| F|  |TAMS 0x0000000093b00000, 0x0000000093b00000| Untracked 
|  44|0x0000000093c00000, 0x0000000093c00000, 0x0000000093d00000|  0%| F|  |TAMS 0x0000000093c00000, 0x0000000093c00000| Untracked 
|  45|0x0000000093d00000, 0x0000000093d00000, 0x0000000093e00000|  0%| F|  |TAMS 0x0000000093d00000, 0x0000000093d00000| Untracked 
|  46|0x0000000093e00000, 0x0000000093e00000, 0x0000000093f00000|  0%| F|  |TAMS 0x0000000093e00000, 0x0000000093e00000| Untracked 
|  47|0x0000000093f00000, 0x0000000093f00000, 0x0000000094000000|  0%| F|  |TAMS 0x0000000093f00000, 0x0000000093f00000| Untracked 
|  48|0x0000000094000000, 0x0000000094000000, 0x0000000094100000|  0%| F|  |TAMS 0x0000000094000000, 0x0000000094000000| Untracked 
|  49|0x0000000094100000, 0x0000000094100000, 0x0000000094200000|  0%| F|  |TAMS 0x0000000094100000, 0x0000000094100000| Untracked 
|  50|0x0000000094200000, 0x0000000094200000, 0x0000000094300000|  0%| F|  |TAMS 0x0000000094200000, 0x0000000094200000| Untracked 
|  51|0x0000000094300000, 0x0000000094300000, 0x0000000094400000|  0%| F|  |TAMS 0x0000000094300000, 0x0000000094300000| Untracked 
|  52|0x0000000094400000, 0x0000000094400000, 0x0000000094500000|  0%| F|  |TAMS 0x0000000094400000, 0x0000000094400000| Untracked 
|  53|0x0000000094500000, 0x0000000094500000, 0x0000000094600000|  0%| F|  |TAMS 0x0000000094500000, 0x0000000094500000| Untracked 
|  54|0x0000000094600000, 0x0000000094600000, 0x0000000094700000|  0%| F|  |TAMS 0x0000000094600000, 0x0000000094600000| Untracked 
|  55|0x0000000094700000, 0x0000000094700000, 0x0000000094800000|  0%| F|  |TAMS 0x0000000094700000, 0x0000000094700000| Untracked 
|  56|0x0000000094800000, 0x0000000094800000, 0x0000000094900000|  0%| F|  |TAMS 0x0000000094800000, 0x0000000094800000| Untracked 
|  57|0x0000000094900000, 0x0000000094900000, 0x0000000094a00000|  0%| F|  |TAMS 0x0000000094900000, 0x0000000094900000| Untracked 
|  58|0x0000000094a00000, 0x0000000094a00000, 0x0000000094b00000|  0%| F|  |TAMS 0x0000000094a00000, 0x0000000094a00000| Untracked 
|  59|0x0000000094b00000, 0x0000000094b00000, 0x0000000094c00000|  0%| F|  |TAMS 0x0000000094b00000, 0x0000000094b00000| Untracked 
|  60|0x0000000094c00000, 0x0000000094c00000, 0x0000000094d00000|  0%| F|  |TAMS 0x0000000094c00000, 0x0000000094c00000| Untracked 
|  61|0x0000000094d00000, 0x0000000094d00000, 0x0000000094e00000|  0%| F|  |TAMS 0x0000000094d00000, 0x0000000094d00000| Untracked 
|  62|0x0000000094e00000, 0x0000000094e00000, 0x0000000094f00000|  0%| F|  |TAMS 0x0000000094e00000, 0x0000000094e00000| Untracked 
|  63|0x0000000094f00000, 0x0000000094f00000, 0x0000000095000000|  0%| F|  |TAMS 0x0000000094f00000, 0x0000000094f00000| Untracked 
|  64|0x0000000095000000, 0x0000000095000000, 0x0000000095100000|  0%| F|  |TAMS 0x0000000095000000, 0x0000000095000000| Untracked 
|  65|0x0000000095100000, 0x0000000095100000, 0x0000000095200000|  0%| F|  |TAMS 0x0000000095100000, 0x0000000095100000| Untracked 
|  66|0x0000000095200000, 0x0000000095200000, 0x0000000095300000|  0%| F|  |TAMS 0x0000000095200000, 0x0000000095200000| Untracked 
|  67|0x0000000095300000, 0x0000000095300000, 0x0000000095400000|  0%| F|  |TAMS 0x0000000095300000, 0x0000000095300000| Untracked 
|  68|0x0000000095400000, 0x0000000095400000, 0x0000000095500000|  0%| F|  |TAMS 0x0000000095400000, 0x0000000095400000| Untracked 
|  69|0x0000000095500000, 0x0000000095500000, 0x0000000095600000|  0%| F|  |TAMS 0x0000000095500000, 0x0000000095500000| Untracked 
|  70|0x0000000095600000, 0x0000000095600000, 0x0000000095700000|  0%| F|  |TAMS 0x0000000095600000, 0x0000000095600000| Untracked 
|  71|0x0000000095700000, 0x0000000095700000, 0x0000000095800000|  0%| F|  |TAMS 0x0000000095700000, 0x0000000095700000| Untracked 
|  72|0x0000000095800000, 0x0000000095800000, 0x0000000095900000|  0%| F|  |TAMS 0x0000000095800000, 0x0000000095800000| Untracked 
|  73|0x0000000095900000, 0x0000000095900000, 0x0000000095a00000|  0%| F|  |TAMS 0x0000000095900000, 0x0000000095900000| Untracked 
|  74|0x0000000095a00000, 0x0000000095a00000, 0x0000000095b00000|  0%| F|  |TAMS 0x0000000095a00000, 0x0000000095a00000| Untracked 
|  75|0x0000000095b00000, 0x0000000095b00000, 0x0000000095c00000|  0%| F|  |TAMS 0x0000000095b00000, 0x0000000095b00000| Untracked 
|  76|0x0000000095c00000, 0x0000000095c00000, 0x0000000095d00000|  0%| F|  |TAMS 0x0000000095c00000, 0x0000000095c00000| Untracked 
|  77|0x0000000095d00000, 0x0000000095d00000, 0x0000000095e00000|  0%| F|  |TAMS 0x0000000095d00000, 0x0000000095d00000| Untracked 
|  78|0x0000000095e00000, 0x0000000095e00000, 0x0000000095f00000|  0%| F|  |TAMS 0x0000000095e00000, 0x0000000095e00000| Untracked 
|  79|0x0000000095f00000, 0x0000000095f00000, 0x0000000096000000|  0%| F|  |TAMS 0x0000000095f00000, 0x0000000095f00000| Untracked 
|  80|0x0000000096000000, 0x0000000096000000, 0x0000000096100000|  0%| F|  |TAMS 0x0000000096000000, 0x0000000096000000| Untracked 
|  81|0x0000000096100000, 0x0000000096100000, 0x0000000096200000|  0%| F|  |TAMS 0x0000000096100000, 0x0000000096100000| Untracked 
|  82|0x0000000096200000, 0x0000000096200000, 0x0000000096300000|  0%| F|  |TAMS 0x0000000096200000, 0x0000000096200000| Untracked 
|  83|0x0000000096300000, 0x0000000096300000, 0x0000000096400000|  0%| F|  |TAMS 0x0000000096300000, 0x0000000096300000| Untracked 
|  84|0x0000000096400000, 0x0000000096400000, 0x0000000096500000|  0%| F|  |TAMS 0x0000000096400000, 0x0000000096400000| Untracked 
|  85|0x0000000096500000, 0x0000000096500000, 0x0000000096600000|  0%| F|  |TAMS 0x0000000096500000, 0x0000000096500000| Untracked 
|  86|0x0000000096600000, 0x0000000096600000, 0x0000000096700000|  0%| F|  |TAMS 0x0000000096600000, 0x0000000096600000| Untracked 
|  87|0x0000000096700000, 0x0000000096700000, 0x0000000096800000|  0%| F|  |TAMS 0x0000000096700000, 0x0000000096700000| Untracked 
|  88|0x0000000096800000, 0x0000000096800000, 0x0000000096900000|  0%| F|  |TAMS 0x0000000096800000, 0x0000000096800000| Untracked 
|  89|0x0000000096900000, 0x0000000096900000, 0x0000000096a00000|  0%| F|  |TAMS 0x0000000096900000, 0x0000000096900000| Untracked 
|  90|0x0000000096a00000, 0x0000000096a00000, 0x0000000096b00000|  0%| F|  |TAMS 0x0000000096a00000, 0x0000000096a00000| Untracked 
|  91|0x0000000096b00000, 0x0000000096b00000, 0x0000000096c00000|  0%| F|  |TAMS 0x0000000096b00000, 0x0000000096b00000| Untracked 
|  92|0x0000000096c00000, 0x0000000096c00000, 0x0000000096d00000|  0%| F|  |TAMS 0x0000000096c00000, 0x0000000096c00000| Untracked 
|  93|0x0000000096d00000, 0x0000000096d00000, 0x0000000096e00000|  0%| F|  |TAMS 0x0000000096d00000, 0x0000000096d00000| Untracked 
|  94|0x0000000096e00000, 0x0000000096e00000, 0x0000000096f00000|  0%| F|  |TAMS 0x0000000096e00000, 0x0000000096e00000| Untracked 
|  95|0x0000000096f00000, 0x0000000096f00000, 0x0000000097000000|  0%| F|  |TAMS 0x0000000096f00000, 0x0000000096f00000| Untracked 
|  96|0x0000000097000000, 0x0000000097000000, 0x0000000097100000|  0%| F|  |TAMS 0x0000000097000000, 0x0000000097000000| Untracked 
|  97|0x0000000097100000, 0x0000000097100000, 0x0000000097200000|  0%| F|  |TAMS 0x0000000097100000, 0x0000000097100000| Untracked 
|  98|0x0000000097200000, 0x0000000097200000, 0x0000000097300000|  0%| F|  |TAMS 0x0000000097200000, 0x0000000097200000| Untracked 
|  99|0x0000000097300000, 0x00000000973c94f0, 0x0000000097400000| 78%| E|  |TAMS 0x0000000097300000, 0x0000000097300000| Complete 
| 100|0x0000000097400000, 0x0000000097500000, 0x0000000097500000|100%| E|CS|TAMS 0x0000000097400000, 0x0000000097400000| Complete 
| 101|0x0000000097500000, 0x0000000097600000, 0x0000000097600000|100%| E|  |TAMS 0x0000000097500000, 0x0000000097500000| Complete 
| 102|0x0000000097600000, 0x0000000097700000, 0x0000000097700000|100%| E|CS|TAMS 0x0000000097600000, 0x0000000097600000| Complete 
| 103|0x0000000097700000, 0x0000000097800000, 0x0000000097800000|100%| E|CS|TAMS 0x0000000097700000, 0x0000000097700000| Complete 
| 104|0x0000000097800000, 0x0000000097900000, 0x0000000097900000|100%| E|CS|TAMS 0x0000000097800000, 0x0000000097800000| Complete 
| 105|0x0000000097900000, 0x0000000097a00000, 0x0000000097a00000|100%| E|CS|TAMS 0x0000000097900000, 0x0000000097900000| Complete 
| 106|0x0000000097a00000, 0x0000000097b00000, 0x0000000097b00000|100%| E|CS|TAMS 0x0000000097a00000, 0x0000000097a00000| Complete 
| 107|0x0000000097b00000, 0x0000000097c00000, 0x0000000097c00000|100%| E|CS|TAMS 0x0000000097b00000, 0x0000000097b00000| Complete 
| 108|0x0000000097c00000, 0x0000000097d00000, 0x0000000097d00000|100%| E|CS|TAMS 0x0000000097c00000, 0x0000000097c00000| Complete 
| 109|0x0000000097d00000, 0x0000000097e00000, 0x0000000097e00000|100%| E|CS|TAMS 0x0000000097d00000, 0x0000000097d00000| Complete 
| 110|0x0000000097e00000, 0x0000000097f00000, 0x0000000097f00000|100%| E|CS|TAMS 0x0000000097e00000, 0x0000000097e00000| Complete 
| 111|0x0000000097f00000, 0x0000000098000000, 0x0000000098000000|100%| E|CS|TAMS 0x0000000097f00000, 0x0000000097f00000| Complete 

Card table byte_map: [0x0000021a60d90000,0x0000021a61110000] _byte_map_base: 0x0000021a60908000

Marking Bits (Prev, Next): (CMBitMap*) 0x0000021a5addd9c0, (CMBitMap*) 0x0000021a5addda00
 Prev Bits: [0x0000021a61490000, 0x0000021a63050000)
 Next Bits: [0x0000021a63050000, 0x0000021a64c10000)

Polling page: 0x0000021a58c50000

Metaspace:

Usage:
  Non-class:      5.85 MB used.
      Class:    692.48 KB used.
       Both:      6.53 MB used.

Virtual space:
  Non-class space:        8.00 MB reserved,       5.88 MB ( 73%) committed,  1 nodes.
      Class space:        1.00 GB reserved,     768.00 KB ( <1%) committed,  1 nodes.
             Both:        1.01 GB reserved,       6.62 MB ( <1%) committed. 

Chunk freelists:
   Non-Class:  2.12 MB
       Class:  3.17 MB
        Both:  5.30 MB

MaxMetaspaceSize: unlimited
CompressedClassSpaceSize: 1.00 GB
Initial GC threshold: 21.00 MB
Current GC threshold: 21.00 MB
CDS: off
MetaspaceReclaimPolicy: balanced
 - commit_granule_bytes: 65536.
 - commit_granule_words: 8192.
 - virtual_space_node_default_size: 1048576.
 - enlarge_chunks_in_place: 1.
 - new_chunks_are_fully_committed: 0.
 - uncommit_free_chunks: 1.
 - use_allocation_guard: 0.
 - handle_deallocations: 1.


Internal statistics:

num_allocs_failed_limit: 0.
num_arena_births: 8.
num_arena_deaths: 0.
num_vsnodes_births: 2.
num_vsnodes_deaths: 0.
num_space_committed: 106.
num_space_uncommitted: 0.
num_chunks_returned_to_freelist: 0.
num_chunks_taken_from_freelist: 36.
num_chunk_merges: 0.
num_chunk_splits: 22.
num_chunks_enlarged: 20.
num_purges: 0.
num_inconsistent_stats: 0.

CodeCache: size=49152Kb used=1824Kb max_used=1931Kb free=47327Kb
 bounds [0x0000021a5da10000, 0x0000021a5dc80000, 0x0000021a60a10000]
 total_blobs=909 nmethods=539 adapters=299
 compilation: enabled
              stopped_count=0, restarted_count=0
 full_count=0

Compilation events (20 events):
Event: 16.435 Thread 0x0000021a67011650 nmethod 528 0x0000021a5db71d10 code [0x0000021a5db71ea0, 0x0000021a5db71f78]
Event: 16.440 Thread 0x0000021a67011650  529       1       java.io.FilterInputStream::<init> (10 bytes)
Event: 16.441 Thread 0x0000021a67011650 nmethod 529 0x0000021a5db71a10 code [0x0000021a5db71ba0, 0x0000021a5db71cb8]
Event: 16.441 Thread 0x0000021a67011650  530       1       java.io.File::exists (34 bytes)
Event: 16.442 Thread 0x0000021a67011650 nmethod 530 0x0000021a5db71590 code [0x0000021a5db71740, 0x0000021a5db718e8]
Event: 16.443 Thread 0x0000021a67011650  531   !   1       jdk.internal.loader.BuiltinClassLoader::loadClassOrNull (143 bytes)
Event: 16.446 Thread 0x0000021a67011650 nmethod 531 0x0000021a5db6ff90 code [0x0000021a5db70200, 0x0000021a5db70978]
Event: 16.446 Thread 0x0000021a67011650  535       1       jdk.internal.loader.BuiltinClassLoader::findLoadedModule (33 bytes)
Event: 16.447 Thread 0x0000021a67011650 nmethod 535 0x0000021a5db6fa10 code [0x0000021a5db6fbe0, 0x0000021a5db6fdf8]
Event: 16.447 Thread 0x0000021a67011650  536       1       jdk.internal.loader.BuiltinClassLoader::loadClassOrNull (7 bytes)
Event: 16.447 Thread 0x0000021a67011650 nmethod 536 0x0000021a5db6f710 code [0x0000021a5db6f8a0, 0x0000021a5db6f988]
Event: 16.447 Thread 0x0000021a67011650  532       1       java.lang.ClassLoader::getClassLoadingLock (35 bytes)
Event: 16.448 Thread 0x0000021a67011650 nmethod 532 0x0000021a5db6f310 code [0x0000021a5db6f4a0, 0x0000021a5db6f608]
Event: 16.448 Thread 0x0000021a67011650  533       1       java.lang.ClassLoader::findLoadedClass (15 bytes)
Event: 16.448 Thread 0x0000021a67011650 nmethod 533 0x0000021a5db6ef10 code [0x0000021a5db6f0c0, 0x0000021a5db6f218]
Event: 16.448 Thread 0x0000021a67011650  537   !   1       jdk.internal.ref.PhantomCleanable::remove (60 bytes)
Event: 16.449 Thread 0x0000021a67011650 nmethod 537 0x0000021a5db6e410 code [0x0000021a5db6e5c0, 0x0000021a5db6e958]
Event: 16.449 Thread 0x0000021a67011650  538       1       java.lang.ref.Reference::clear (5 bytes)
Event: 16.449 Thread 0x0000021a67011650 nmethod 538 0x0000021a5db6e110 code [0x0000021a5db6e2a0, 0x0000021a5db6e388]
Event: 16.449 Thread 0x0000021a67011650  540       1       java.net.URLStreamHandler::parseURL (1201 bytes)

GC Heap History (0 events):
No events

Deoptimization events (0 events):
No events

Classes unloaded (0 events):
No events

Classes redefined (0 events):
No events

Internal exceptions (3 events):
Event: 1.942 Thread 0x0000021a5ad89690 Exception <a 'java/lang/NoSuchMethodError'{0x0000000097e3b2b8}: 'void java.lang.invoke.DirectMethodHandle$Holder.invokeStatic(java.lang.Object, java.lang.Object, java.lang.Object)'> (0x0000000097e3b2b8) 
thrown [e:\jenkins\tmp\workspace\build\src\src\hotspot\share\interpreter\linkResolver.cpp, line 766]
Event: 16.215 Thread 0x0000021a5ad89690 Exception <a 'java/lang/ClassNotFoundException'{0x00000000974def20}: javax/smartcardio/CardPermission> (0x00000000974def20) 
thrown [e:\jenkins\tmp\workspace\build\src\src\hotspot\share\classfile\systemDictionary.cpp, line 256]
Event: 16.244 Thread 0x0000021a5ad89690 Exception <a 'java/io/FileNotFoundException'{0x00000000974ed4f8}> (0x00000000974ed4f8) 
thrown [e:\jenkins\tmp\workspace\build\src\src\hotspot\share\prims\jni.cpp, line 516]

VM Operations (20 events):
Event: 1.963 Executing VM operation: Cleanup
Event: 1.964 Executing VM operation: Cleanup done
Event: 2.966 Executing VM operation: Cleanup
Event: 2.966 Executing VM operation: Cleanup done
Event: 4.982 Executing VM operation: Cleanup
Event: 4.982 Executing VM operation: Cleanup done
Event: 5.993 Executing VM operation: Cleanup
Event: 5.994 Executing VM operation: Cleanup done
Event: 9.028 Executing VM operation: Cleanup
Event: 9.028 Executing VM operation: Cleanup done
Event: 10.044 Executing VM operation: Cleanup
Event: 10.044 Executing VM operation: Cleanup done
Event: 12.065 Executing VM operation: Cleanup
Event: 12.065 Executing VM operation: Cleanup done
Event: 13.067 Executing VM operation: Cleanup
Event: 13.083 Executing VM operation: Cleanup done
Event: 16.099 Executing VM operation: Cleanup
Event: 16.115 Executing VM operation: Cleanup done
Event: 16.463 Executing VM operation: HandshakeAllThreads
Event: 16.463 Executing VM operation: HandshakeAllThreads done

Events (20 events):
Event: 16.269 loading class sun/net/www/MessageHeader done
Event: 16.270 loading class java/io/FilePermissionCollection
Event: 16.271 loading class java/io/FilePermissionCollection done
Event: 16.271 loading class java/io/FilePermissionCollection$1
Event: 16.271 loading class java/io/FilePermissionCollection$1 done
Event: 16.271 loading class java/security/PermissionsEnumerator
Event: 16.272 loading class java/security/PermissionsEnumerator done
Event: 16.272 loading class java/security/AccessControlException
Event: 16.272 loading class java/security/AccessControlException done
Event: 16.457 loading class sun/net/www/protocol/jar/JarURLConnection
Event: 16.457 loading class java/net/JarURLConnection
Event: 16.457 loading class java/net/JarURLConnection done
Event: 16.457 loading class sun/net/www/protocol/jar/JarURLConnection done
Event: 16.457 loading class sun/net/www/protocol/jar/JarFileFactory
Event: 16.458 loading class sun/net/www/protocol/jar/URLJarFile$URLJarFileCloseController
Event: 16.458 loading class sun/net/www/protocol/jar/URLJarFile$URLJarFileCloseController done
Event: 16.459 loading class sun/net/www/protocol/jar/JarFileFactory done
Event: 16.460 loading class sun/net/www/protocol/jar/URLJarFile
Event: 16.463 loading class sun/net/www/protocol/jar/URLJarFile done
Event: 16.465 loading class sun/net/www/protocol/jar/URLJarFile$URLJarFileEntry


Dynamic libraries:
0x00007ff61c510000 - 0x00007ff61c51e000 	c:\Users\Pratap\.vscode\extensions\redhat.java-1.7.0-win32-x64\jre\17.0.3-win32-x86_64\bin\java.exe
0x00007ff86aad0000 - 0x00007ff86acc7000 	C:\WINDOWS\SYSTEM32\ntdll.dll
0x00007ff869be0000 - 0x00007ff869c9d000 	C:\WINDOWS\System32\KERNEL32.DLL
0x00007ff8681f0000 - 0x00007ff8684bd000 	C:\WINDOWS\System32\KERNELBASE.dll
0x00007ff8684f0000 - 0x00007ff8685f0000 	C:\WINDOWS\System32\ucrtbase.dll
0x00007ff85ab90000 - 0x00007ff85aba9000 	c:\Users\Pratap\.vscode\extensions\redhat.java-1.7.0-win32-x64\jre\17.0.3-win32-x86_64\bin\VCRUNTIME140.dll
0x00007ff846720000 - 0x00007ff846738000 	c:\Users\Pratap\.vscode\extensions\redhat.java-1.7.0-win32-x64\jre\17.0.3-win32-x86_64\bin\jli.dll
0x00007ff869de0000 - 0x00007ff869f80000 	C:\WINDOWS\System32\USER32.dll
0x00007ff8684c0000 - 0x00007ff8684e2000 	C:\WINDOWS\System32\win32u.dll
0x00007ff869670000 - 0x00007ff86969a000 	C:\WINDOWS\System32\GDI32.dll
0x00007ff868740000 - 0x00007ff86884b000 	C:\WINDOWS\System32\gdi32full.dll
0x00007ff8685f0000 - 0x00007ff86868d000 	C:\WINDOWS\System32\msvcp_win.dll
0x00007ff859180000 - 0x00007ff85941a000 	C:\WINDOWS\WinSxS\amd64_microsoft.windows.common-controls_6595b64144ccf1df_6.0.19041.1110_none_60b5254171f9507e\COMCTL32.dll
0x00007ff869f80000 - 0x00007ff86a01e000 	C:\WINDOWS\System32\msvcrt.dll
0x00007ff869840000 - 0x00007ff869870000 	C:\WINDOWS\System32\IMM32.DLL
0x00007ff859080000 - 0x00007ff85908c000 	c:\Users\Pratap\.vscode\extensions\redhat.java-1.7.0-win32-x64\jre\17.0.3-win32-x86_64\bin\vcruntime140_1.dll
0x00007ff80f640000 - 0x00007ff80f6d1000 	c:\Users\Pratap\.vscode\extensions\redhat.java-1.7.0-win32-x64\jre\17.0.3-win32-x86_64\bin\msvcp140.dll
0x00007ff803240000 - 0x00007ff803e88000 	c:\Users\Pratap\.vscode\extensions\redhat.java-1.7.0-win32-x64\jre\17.0.3-win32-x86_64\bin\server\jvm.dll
0x00007ff868b30000 - 0x00007ff868bde000 	C:\WINDOWS\System32\ADVAPI32.dll
0x00007ff869b40000 - 0x00007ff869bdc000 	C:\WINDOWS\System32\sechost.dll
0x00007ff86a8b0000 - 0x00007ff86a9d5000 	C:\WINDOWS\System32\RPCRT4.dll
0x00007ff86a380000 - 0x00007ff86a388000 	C:\WINDOWS\System32\PSAPI.DLL
0x00007ff84dcb0000 - 0x00007ff84dcb9000 	C:\WINDOWS\SYSTEM32\WSOCK32.dll
0x00007ff869d70000 - 0x00007ff869ddb000 	C:\WINDOWS\System32\WS2_32.dll
0x00007ff85f230000 - 0x00007ff85f257000 	C:\WINDOWS\SYSTEM32\WINMM.dll
0x00007ff85f260000 - 0x00007ff85f26a000 	C:\WINDOWS\SYSTEM32\VERSION.dll
0x00007ff866e30000 - 0x00007ff866e42000 	C:\WINDOWS\SYSTEM32\kernel.appcore.dll
0x00007ff8557f0000 - 0x00007ff8557fa000 	c:\Users\Pratap\.vscode\extensions\redhat.java-1.7.0-win32-x64\jre\17.0.3-win32-x86_64\bin\jimage.dll
0x00007ff866bd0000 - 0x00007ff866db4000 	C:\WINDOWS\SYSTEM32\DBGHELP.DLL
0x00007ff8565f0000 - 0x00007ff85661c000 	C:\WINDOWS\SYSTEM32\dbgcore.DLL
0x00007ff868aa0000 - 0x00007ff868b22000 	C:\WINDOWS\System32\bcryptPrimitives.dll
0x00007ff8466f0000 - 0x00007ff846715000 	c:\Users\Pratap\.vscode\extensions\redhat.java-1.7.0-win32-x64\jre\17.0.3-win32-x86_64\bin\java.dll
0x00007ff8466d0000 - 0x00007ff8466e8000 	c:\Users\Pratap\.vscode\extensions\redhat.java-1.7.0-win32-x64\jre\17.0.3-win32-x86_64\bin\zip.dll
0x00007ff868ec0000 - 0x00007ff869604000 	C:\WINDOWS\System32\SHELL32.dll
0x00007ff866000000 - 0x00007ff866794000 	C:\WINDOWS\SYSTEM32\windows.storage.dll
0x00007ff86a020000 - 0x00007ff86a374000 	C:\WINDOWS\System32\combase.dll
0x00007ff867be0000 - 0x00007ff867c0c000 	C:\WINDOWS\SYSTEM32\Wldp.dll
0x00007ff86a9e0000 - 0x00007ff86aa8d000 	C:\WINDOWS\System32\SHCORE.dll
0x00007ff868c90000 - 0x00007ff868ce5000 	C:\WINDOWS\System32\shlwapi.dll
0x00007ff868130000 - 0x00007ff86814f000 	C:\WINDOWS\SYSTEM32\profapi.dll
0x00007ff8466b0000 - 0x00007ff8466c9000 	C:\Users\Pratap\.vscode\extensions\redhat.java-1.7.0-win32-x64\jre\17.0.3-win32-x86_64\bin\net.dll
0x00007ff85de90000 - 0x00007ff85df9a000 	C:\WINDOWS\SYSTEM32\WINHTTP.dll
0x00007ff8678e0000 - 0x00007ff86794a000 	C:\WINDOWS\system32\mswsock.dll
0x00007ff846640000 - 0x00007ff846655000 	C:\Users\Pratap\.vscode\extensions\redhat.java-1.7.0-win32-x64\jre\17.0.3-win32-x86_64\bin\nio.dll
0x00007ff84dd10000 - 0x00007ff84dd20000 	c:\Users\Pratap\.vscode\extensions\redhat.java-1.7.0-win32-x64\jre\17.0.3-win32-x86_64\bin\verify.dll

dbghelp: loaded successfully - version: 4.0.5 - missing functions: none
symbol engine: initialized successfully - sym options: 0x614 - pdb path: .;c:\Users\Pratap\.vscode\extensions\redhat.java-1.7.0-win32-x64\jre\17.0.3-win32-x86_64\bin;C:\WINDOWS\SYSTEM32;C:\WINDOWS\WinSxS\amd64_microsoft.windows.common-controls_6595b64144ccf1df_6.0.19041.1110_none_60b5254171f9507e;c:\Users\Pratap\.vscode\extensions\redhat.java-1.7.0-win32-x64\jre\17.0.3-win32-x86_64\bin\server

VM Arguments:
jvm_args: --add-modules=ALL-SYSTEM --add-exports=jdk.compiler/com.sun.tools.javac.file=ALL-UNNAMED --add-exports=jdk.compiler/com.sun.tools.javac.util=ALL-UNNAMED --add-exports=jdk.compiler/com.sun.tools.javac.comp=ALL-UNNAMED --add-exports=jdk.compiler/com.sun.tools.javac.main=ALL-UNNAMED --add-exports=jdk.compiler/com.sun.tools.javac.tree=ALL-UNNAMED --add-exports=jdk.compiler/com.sun.tools.javac.code=ALL-UNNAMED -Dsts.lsp.client=vscode -Dsts.log.file=/dev/null -XX:TieredStopAtLevel=1 -Dspring.config.location=file:c:\Users\Pratap\.vscode\extensions\pivotal.vscode-spring-boot-1.36.0\language-server\BOOT-INF\classes\application.properties 
java_command: org.springframework.ide.vscode.boot.app.BootLanguageServerBootApp
java_class_path (initial): c:\Users\Pratap\.vscode\extensions\pivotal.vscode-spring-boot-1.36.0\language-server\BOOT-INF\classes;c:\Users\Pratap\.vscode\extensions\pivotal.vscode-spring-boot-1.36.0\language-server\BOOT-INF\lib\annotations-23.0.0.jar;c:\Users\Pratap\.vscode\extensions\pivotal.vscode-spring-boot-1.36.0\language-server\BOOT-INF\lib\antlr-runtime-3.5.2.jar;c:\Users\Pratap\.vscode\extensions\pivotal.vscode-spring-boot-1.36.0\language-server\BOOT-INF\lib\antlr4-4.9.3.jar;c:\Users\Pratap\.vscode\extensions\pivotal.vscode-spring-boot-1.36.0\language-server\BOOT-INF\lib\antlr4-runtime-4.9.3.jar;c:\Users\Pratap\.vscode\extensions\pivotal.vscode-spring-boot-1.36.0\language-server\BOOT-INF\lib\asm-9.3.jar;c:\Users\Pratap\.vscode\extensions\pivotal.vscode-spring-boot-1.36.0\language-server\BOOT-INF\lib\asm-analysis-9.3.jar;c:\Users\Pratap\.vscode\extensions\pivotal.vscode-spring-boot-1.36.0\language-server\BOOT-INF\lib\asm-tree-9.3.jar;c:\Users\Pratap\.vscode\extensions\pivotal.vscode-spring-boot-1.36.0\language-server\BOOT-INF\lib\asm-util-9.3.jar;c:\Users\Pratap\.vscode\extensions\pivotal.vscode-spring-boot-1.36.0\language-server\BOOT-INF\lib\byte-buddy-1.10.18.jar;c:\Users\Pratap\.vscode\extensions\pivotal.vscode-spring-boot-1.36.0\language-server\BOOT-INF\lib\caffeine-2.8.6.jar;c:\Users\Pratap\.vscode\extensions\pivotal.vscode-spring-boot-1.36.0\language-server\BOOT-INF\lib\checker-qual-3.12.0.jar;c:\Users\Pratap\.vscode\extensions\pivotal.vscode-spring-boot-1.36.0\language-server\BOOT-INF\lib\classgraph-4.8.146.jar;c:\Users\Pratap\.vscode\extensions\pivotal.vscode-spring-boot-1.36.0\language-server\BOOT-INF\lib\commons-codec-1.14.jar;c:\Users\Pratap\.vscode\extensions\pivotal.vscode-spring-boot-1.36.0\language-server\BOOT-INF\lib\commons-compress-1.21.jar;c:\Users\Pratap\.vscode\extensions\pivotal.vscode-spring-boot-1.36.0\language-server\BOOT-INF\lib\commons-exec-1.3.jar;c:\Users\Pratap\.vscode\extensions\pivotal.vscode-spring-boot-1.36.0\language-server
Launcher Type: SUN_STANDARD

[Global flags]
     intx CICompilerCount                          = 3                                         {product} {ergonomic}
     uint ConcGCThreads                            = 1                                         {product} {ergonomic}
     uint G1ConcRefinementThreads                  = 4                                         {product} {ergonomic}
   size_t G1HeapRegionSize                         = 1048576                                   {product} {ergonomic}
    uintx GCDrainStackTargetSize                   = 64                                        {product} {ergonomic}
   size_t InitialHeapSize                          = 117440512                                 {product} {ergonomic}
   size_t MarkStackSize                            = 4194304                                   {product} {ergonomic}
   size_t MaxHeapSize                              = 1862270976                                {product} {ergonomic}
   size_t MaxNewSize                               = 1116733440                                {product} {ergonomic}
   size_t MinHeapDeltaBytes                        = 1048576                                   {product} {ergonomic}
   size_t MinHeapSize                              = 8388608                                   {product} {ergonomic}
    uintx NonProfiledCodeHeapSize                  = 0                                      {pd product} {ergonomic}
     bool ProfileInterpreter                       = false                                  {pd product} {command line}
    uintx ProfiledCodeHeapSize                     = 0                                      {pd product} {ergonomic}
   size_t SoftMaxHeapSize                          = 1862270976                             {manageable} {ergonomic}
     intx TieredStopAtLevel                        = 1                                         {product} {command line}
     bool UseCompressedClassPointers               = true                           {product lp64_product} {ergonomic}
     bool UseCompressedOops                        = true                           {product lp64_product} {ergonomic}
     bool UseG1GC                                  = true                                      {product} {ergonomic}
     bool UseLargePagesIndividualAllocation        = false                                  {pd product} {ergonomic}

Logging:
Log output configuration:
 #0: stdout all=warning uptime,level,tags
 #1: stderr all=off uptime,level,tags

Environment Variables:
JAVA_HOME=C:\Program Files\Java\jdk1.8.0_261
PATH=C:\WINDOWS\system32;C:\WINDOWS;C:\WINDOWS\System32\Wbem;C:\WINDOWS\System32\WindowsPowerShell\v1.0\;c:\Program Files (x86)\ATI Technologies\ATI.ACE\Core-Static;C:\WINDOWS\System32\OpenSSH\;C:\Program Files\Java\jdk1.8.0_261\bin;F:\Softwares\maven\apache-maven-3.6.3\bin;C:\Program Files\Git\cmd;C:\Program Files\Git\mingw64\bin;C:\Program Files\Git\usr\bin;C:\Program Files\nodejs\;C:\Program Files\MongoDB\Server\4.4\bin;C:\Program Files\MySQL\MySQL Server 8.0\bin;C:\Users\Pratap\AppData\Local\Microsoft\WindowsApps;C:\Users\Pratap\AppData\Local\Programs\Microsoft VS Code\bin;C:\Users\Pratap\AppData\Roaming\npm;C:\adb;C:\Program Files\PuTTY\;C:\Program Files\Docker\Docker\resources\bin;C:\ProgramData\DockerDesktop\version-bin;C:\Users\Pratap\AppData\Local\Microsoft\WindowsApps;C:\Users\Pratap\AppData\Local\Programs\Microsoft VS Code\bin;C:\Users\Pratap\AppData\Roaming\npm
USERNAME=gopi
OS=Windows_NT
PROCESSOR_IDENTIFIER=AMD64 Family 22 Model 48 Stepping 1, AuthenticAMD



---------------  S Y S T E M  ---------------

OS:
 Windows 10 , 64 bit Build 19041 (10.0.19041.1741)
OS uptime: 0 days 5:10 hours
Hyper-V role detected

CPU: total 4 (initial active 4) (4 cores per cpu, 1 threads per core) family 22 model 48 stepping 1 microcode 0x0, cx8, cmov, fxsr, mmx, 3dnowpref, sse, sse2, sse3, ssse3, sse4a, sse4.1, sse4.2, popcnt, lzcnt, tsc, tscinvbit, avx, aes, clmul, bmi1, vzeroupper, clflush, hv

Memory: 4k page, system-wide physical 7102M (196M free)
TotalPageFile size 28606M (AvailPageFile size 0M)
current process WorkingSet (physical memory assigned to process): 48M, peak: 48M
current process commit charge ("private bytes"): 183M, peak: 183M

vm_info: OpenJDK 64-Bit Server VM (17.0.3+7) for windows-amd64 JRE (17.0.3+7), built on Apr 19 2022 16:55:35 by "" with MS VC++ 16.7 (VS2019)

END.
