#
# There is insufficient memory for the Java Runtime Environment to continue.
# Native memory allocation (mmap) failed to map 65536 bytes for Failed to commit metaspace.
# Possible reasons:
#   The system is out of physical RAM or swap space
#   The process is running with CompressedOops enabled, and the Java Heap may be blocking the growth of the native heap
# Possible solutions:
#   Reduce memory load on the system
#   Increase physical memory or swap space
#   Check if swap backing store is full
#   Decrease Java heap size (-Xmx/-Xms)
#   Decrease number of Java threads
#   Decrease Java thread stack sizes (-Xss)
#   Set larger code cache with -XX:ReservedCodeCacheSize=
#   JVM is running with Unscaled Compressed Oops mode in which the Java heap is
#     placed in the first 4GB address space. The Java Heap base address is the
#     maximum limit for the native heap growth. Please use -XX:HeapBaseMinAddress
#     to set the Java Heap base and to place the Java Heap above 4GB virtual address.
# This output file may be truncated or incomplete.
#
#  Out of Memory Error (virtualSpaceNode.cpp:110), pid=4076, tid=15824
#
# JRE version: OpenJDK Runtime Environment Temurin-17.0.3+7 (17.0.3+7) (build 17.0.3+7)
# Java VM: OpenJDK 64-Bit Server VM Temurin-17.0.3+7 (17.0.3+7, mixed mode, emulated-client, tiered, compressed oops, compressed class ptrs, g1 gc, windows-amd64)
# No core dump will be written. Minidumps are not enabled by default on client versions of Windows
#

---------------  S U M M A R Y ------------

Command Line: --add-modules=ALL-SYSTEM --add-exports=jdk.compiler/com.sun.tools.javac.file=ALL-UNNAMED --add-exports=jdk.compiler/com.sun.tools.javac.util=ALL-UNNAMED --add-exports=jdk.compiler/com.sun.tools.javac.comp=ALL-UNNAMED --add-exports=jdk.compiler/com.sun.tools.javac.main=ALL-UNNAMED --add-exports=jdk.compiler/com.sun.tools.javac.tree=ALL-UNNAMED --add-exports=jdk.compiler/com.sun.tools.javac.code=ALL-UNNAMED -Dsts.lsp.client=vscode -Dsts.log.file=/dev/null -XX:TieredStopAtLevel=1 -Dspring.config.location=file:c:\Users\Pratap\.vscode\extensions\pivotal.vscode-spring-boot-1.36.0\language-server\BOOT-INF\classes\application.properties org.springframework.ide.vscode.boot.app.BootLanguageServerBootApp

Host: AMD A6-6310 APU with AMD Radeon R4 Graphics    , 4 cores, 6G,  Windows 10 , 64 bit Build 19041 (10.0.19041.1741)
Time: Thu Jun 30 16:07:25 2022 India Standard Time elapsed time: 16.214256 seconds (0d 0h 0m 16s)

---------------  T H R E A D  ---------------

Current thread (0x0000021629cc23c0):  JavaThread "background-preinit" [_thread_in_vm, id=15824, stack(0x000000646ed00000,0x000000646ee00000)]

Stack: [0x000000646ed00000,0x000000646ee00000]
Native frames: (J=compiled Java code, j=interpreted, Vv=VM code, C=native code)
V  [jvm.dll+0x675efa]
V  [jvm.dll+0x830a24]
V  [jvm.dll+0x8321ce]
V  [jvm.dll+0x832833]
V  [jvm.dll+0x2454b5]
V  [jvm.dll+0x82c9cb]
V  [jvm.dll+0x61ab26]
V  [jvm.dll+0x1c046e]
V  [jvm.dll+0x61d471]
V  [jvm.dll+0x61b4c6]
V  [jvm.dll+0x239a1f]
V  [jvm.dll+0x6252d5]
V  [jvm.dll+0x1ea19b]
V  [jvm.dll+0x1ea6d5]
V  [jvm.dll+0x1eb10f]
V  [jvm.dll+0x1e05b1]
V  [jvm.dll+0x53bb80]
V  [jvm.dll+0x7aba28]
V  [jvm.dll+0x7abb14]
V  [jvm.dll+0x40c7c5]
V  [jvm.dll+0x4129b8]
C  [java.dll+0x17ec]

Java frames: (J=compiled Java code, j=interpreted, Vv=VM code)
J 792  java.lang.ClassLoader.defineClass1(Ljava/lang/ClassLoader;Ljava/lang/String;[BIILjava/security/ProtectionDomain;Ljava/lang/String;)Ljava/lang/Class; java.base@17.0.3 (0 bytes) @ 0x000002161f8703db [0x000002161f870320+0x00000000000000bb]
J 788 c1 java.lang.ClassLoader.defineClass(Ljava/lang/String;[BIILjava/security/ProtectionDomain;)Ljava/lang/Class; java.base@17.0.3 (43 bytes) @ 0x000002161f86e35c [0x000002161f86e260+0x00000000000000fc]
J 700 c1 jdk.internal.loader.BuiltinClassLoader.defineClass(Ljava/lang/String;Ljdk/internal/loader/Resource;)Ljava/lang/Class; java.base@17.0.3 (121 bytes) @ 0x000002161f848ac4 [0x000002161f848620+0x00000000000004a4]
J 699 c1 jdk.internal.loader.BuiltinClassLoader.findClassOnClassPathOrNull(Ljava/lang/String;)Ljava/lang/Class; java.base@17.0.3 (64 bytes) @ 0x000002161f84781c [0x000002161f847580+0x000000000000029c]
J 532 c1 jdk.internal.loader.BuiltinClassLoader.loadClassOrNull(Ljava/lang/String;Z)Ljava/lang/Class; java.base@17.0.3 (143 bytes) @ 0x000002161f8038c4 [0x000002161f803480+0x0000000000000444]
J 683 c1 jdk.internal.loader.ClassLoaders$AppClassLoader.loadClass(Ljava/lang/String;Z)Ljava/lang/Class; java.base@17.0.3 (40 bytes) @ 0x000002161f83f9a4 [0x000002161f83f860+0x0000000000000144]
J 682 c1 java.lang.ClassLoader.loadClass(Ljava/lang/String;)Ljava/lang/Class; java.base@17.0.3 (7 bytes) @ 0x000002161f83ede4 [0x000002161f83eda0+0x0000000000000044]
v  ~StubRoutines::call_stub
J 792  java.lang.ClassLoader.defineClass1(Ljava/lang/ClassLoader;Ljava/lang/String;[BIILjava/security/ProtectionDomain;Ljava/lang/String;)Ljava/lang/Class; java.base@17.0.3 (0 bytes) @ 0x000002161f8703db [0x000002161f870320+0x00000000000000bb]
J 788 c1 java.lang.ClassLoader.defineClass(Ljava/lang/String;[BIILjava/security/ProtectionDomain;)Ljava/lang/Class; java.base@17.0.3 (43 bytes) @ 0x000002161f86e35c [0x000002161f86e260+0x00000000000000fc]
J 700 c1 jdk.internal.loader.BuiltinClassLoader.defineClass(Ljava/lang/String;Ljdk/internal/loader/Resource;)Ljava/lang/Class; java.base@17.0.3 (121 bytes) @ 0x000002161f848ac4 [0x000002161f848620+0x00000000000004a4]
J 699 c1 jdk.internal.loader.BuiltinClassLoader.findClassOnClassPathOrNull(Ljava/lang/String;)Ljava/lang/Class; java.base@17.0.3 (64 bytes) @ 0x000002161f84781c [0x000002161f847580+0x000000000000029c]
J 532 c1 jdk.internal.loader.BuiltinClassLoader.loadClassOrNull(Ljava/lang/String;Z)Ljava/lang/Class; java.base@17.0.3 (143 bytes) @ 0x000002161f8038c4 [0x000002161f803480+0x0000000000000444]
J 683 c1 jdk.internal.loader.ClassLoaders$AppClassLoader.loadClass(Ljava/lang/String;Z)Ljava/lang/Class; java.base@17.0.3 (40 bytes) @ 0x000002161f83f9a4 [0x000002161f83f860+0x0000000000000144]
J 682 c1 java.lang.ClassLoader.loadClass(Ljava/lang/String;)Ljava/lang/Class; java.base@17.0.3 (7 bytes) @ 0x000002161f83ede4 [0x000002161f83eda0+0x0000000000000044]
v  ~StubRoutines::call_stub
J 1012  java.lang.Class.forName0(Ljava/lang/String;ZLjava/lang/ClassLoader;Ljava/lang/Class;)Ljava/lang/Class; java.base@17.0.3 (0 bytes) @ 0x000002161f907027 [0x000002161f906fa0+0x0000000000000087]
J 1045 c1 java.lang.Class.forName(Ljava/lang/String;ZLjava/lang/ClassLoader;)Ljava/lang/Class; java.base@17.0.3 (47 bytes) @ 0x000002161f8fb034 [0x000002161f8faf40+0x00000000000000f4]
j  org.springframework.util.ClassUtils.forName(Ljava/lang/String;Ljava/lang/ClassLoader;)Ljava/lang/Class;+176
j  org.springframework.util.ClassUtils.isPresent(Ljava/lang/String;Ljava/lang/ClassLoader;)Z+2
j  org.springframework.http.converter.support.AllEncompassingFormHttpMessageConverter.<clinit>()V+44
v  ~StubRoutines::call_stub
j  org.springframework.boot.autoconfigure.BackgroundPreinitializer$MessageConverterInitializer.run()V+0
j  org.springframework.boot.autoconfigure.BackgroundPreinitializer$1.runSafely(Ljava/lang/Runnable;)V+1
j  org.springframework.boot.autoconfigure.BackgroundPreinitializer$1.run()V+33
j  java.lang.Thread.run()V+11 java.base@17.0.3
v  ~StubRoutines::call_stub

---------------  P R O C E S S  ---------------

Threads class SMR info:
_java_thread_list=0x0000021629cbcf70, length=13, elements={
0x000002161c9250f0, 0x0000021628a196c0, 0x0000021628a00220, 0x0000021628a3ea70,
0x0000021628a42dc0, 0x0000021628a43680, 0x0000021628a43f40, 0x0000021628a448b0,
0x0000021628a69530, 0x0000021628994680, 0x00000216295efa60, 0x000002162962c2f0,
0x0000021629cc23c0
}

Java Threads: ( => current thread )
  0x000002161c9250f0 JavaThread "main" [_thread_in_vm, id=14392, stack(0x000000646d700000,0x000000646d800000)]
  0x0000021628a196c0 JavaThread "Reference Handler" daemon [_thread_blocked, id=17052, stack(0x000000646de00000,0x000000646df00000)]
  0x0000021628a00220 JavaThread "Finalizer" daemon [_thread_blocked, id=16904, stack(0x000000646df00000,0x000000646e000000)]
  0x0000021628a3ea70 JavaThread "Signal Dispatcher" daemon [_thread_blocked, id=11972, stack(0x000000646e000000,0x000000646e100000)]
  0x0000021628a42dc0 JavaThread "Attach Listener" daemon [_thread_blocked, id=11788, stack(0x000000646e100000,0x000000646e200000)]
  0x0000021628a43680 JavaThread "Service Thread" daemon [_thread_blocked, id=12208, stack(0x000000646e200000,0x000000646e300000)]
  0x0000021628a43f40 JavaThread "Monitor Deflation Thread" daemon [_thread_blocked, id=14712, stack(0x000000646e300000,0x000000646e400000)]
  0x0000021628a448b0 JavaThread "C1 CompilerThread0" daemon [_thread_blocked, id=16804, stack(0x000000646e400000,0x000000646e500000)]
  0x0000021628a69530 JavaThread "Sweeper thread" daemon [_thread_blocked, id=4808, stack(0x000000646e500000,0x000000646e600000)]
  0x0000021628994680 JavaThread "Common-Cleaner" daemon [_thread_blocked, id=15604, stack(0x000000646e600000,0x000000646e700000)]
  0x00000216295efa60 JavaThread "C1 CompilerThread1" daemon [_thread_blocked, id=17016, stack(0x000000646e700000,0x000000646e800000)]
  0x000002162962c2f0 JavaThread "Notification Thread" daemon [_thread_blocked, id=11968, stack(0x000000646e800000,0x000000646e900000)]
=>0x0000021629cc23c0 JavaThread "background-preinit" [_thread_in_vm, id=15824, stack(0x000000646ed00000,0x000000646ee00000)]

Other Threads:
  0x00000216289fa2d0 VMThread "VM Thread" [stack: 0x000000646dd00000,0x000000646de00000] [id=6416]
  0x000002162962c7c0 WatcherThread [stack: 0x000000646e900000,0x000000646ea00000] [id=11152]
  0x000002161c97a9b0 GCTaskThread "GC Thread#0" [stack: 0x000000646d800000,0x000000646d900000] [id=17328]
  0x0000021629550f40 GCTaskThread "GC Thread#1" [stack: 0x000000646ea00000,0x000000646eb00000] [id=8636]
  0x00000216294a0c50 GCTaskThread "GC Thread#2" [stack: 0x000000646eb00000,0x000000646ec00000] [id=15436]
  0x0000021629eb7f50 GCTaskThread "GC Thread#3" [stack: 0x000000646ec00000,0x000000646ed00000] [id=14008]
  0x000002161c9896f0 ConcurrentGCThread "G1 Main Marker" [stack: 0x000000646d900000,0x000000646da00000] [id=15000]
  0x000002161c98a100 ConcurrentGCThread "G1 Conc#0" [stack: 0x000000646da00000,0x000000646db00000] [id=3688]
  0x000002161c9eda60 ConcurrentGCThread "G1 Refine#0" [stack: 0x000000646db00000,0x000000646dc00000] [id=3700]
  0x000002161c9ef3a0 ConcurrentGCThread "G1 Service" [stack: 0x000000646dc00000,0x000000646dd00000] [id=9916]

Threads with active compile tasks:

VM state: not at safepoint (normal execution)

VM Mutex/Monitor currently owned by a thread:  ([mutex/lock_event])
[0x000002161a7c9150] Metaspace_lock - owner thread: 0x0000021629cc23c0

OutOfMemory and StackOverflow Exception counts:
OutOfMemoryError java_heap_errors=1
LinkageErrors=22

Heap address: 0x0000000091000000, size: 1776 MB, Compressed Oops mode: 32-bit

CDS archive(s) not mapped
Compressed class space mapped at: 0x0000000100000000-0x0000000140000000, reserved size: 1073741824
Narrow klass base: 0x0000000000000000, Narrow klass shift: 3, Narrow klass range: 0x140000000

GC Precious Log:
 CPUs: 4 total, 4 available
 Memory: 7102M
 Large Page Support: Disabled
 NUMA Support: Disabled
 Compressed Oops: Enabled (32-bit)
 Heap Region Size: 1M
 Heap Min Capacity: 8M
 Heap Initial Capacity: 112M
 Heap Max Capacity: 1776M
 Pre-touch: Disabled
 Parallel Workers: 4
 Concurrent Workers: 1
 Concurrent Refinement Workers: 4
 Periodic GC: Disabled

Heap:
 garbage-first heap   total 114688K, used 12427K [0x0000000091000000, 0x0000000100000000)
  region size 1024K, 6 young (6144K), 3 survivors (3072K)
 Metaspace       used 16491K, committed 16640K, reserved 1064960K
  class space    used 2001K, committed 2048K, reserved 1048576K

Heap Regions: E=young(eden), S=young(survivor), O=old, HS=humongous(starts), HC=humongous(continues), CS=collection set, F=free, OA=open archive, CA=closed archive, TAMS=top-at-mark-start (previous, next)
|   0|0x0000000091000000, 0x0000000091100000, 0x0000000091100000|100%| O|  |TAMS 0x0000000091000000, 0x0000000091000000| Untracked 
|   1|0x0000000091100000, 0x0000000091200000, 0x0000000091200000|100%| O|  |TAMS 0x0000000091100000, 0x0000000091100000| Untracked 
|   2|0x0000000091200000, 0x0000000091300000, 0x0000000091300000|100%| O|  |TAMS 0x0000000091200000, 0x0000000091200000| Untracked 
|   3|0x0000000091300000, 0x0000000091400000, 0x0000000091400000|100%| O|  |TAMS 0x0000000091300000, 0x0000000091300000| Untracked 
|   4|0x0000000091400000, 0x0000000091500000, 0x0000000091500000|100%| O|  |TAMS 0x0000000091400000, 0x0000000091400000| Untracked 
|   5|0x0000000091500000, 0x0000000091600000, 0x0000000091600000|100%| O|  |TAMS 0x0000000091500000, 0x0000000091500000| Untracked 
|   6|0x0000000091600000, 0x0000000091700000, 0x0000000091700000|100%| O|  |TAMS 0x0000000091600000, 0x0000000091600000| Untracked 
|   7|0x0000000091700000, 0x0000000091722e00, 0x0000000091800000| 13%| O|  |TAMS 0x0000000091700000, 0x0000000091700000| Untracked 
|   8|0x0000000091800000, 0x0000000091800000, 0x0000000091900000|  0%| F|  |TAMS 0x0000000091800000, 0x0000000091800000| Untracked 
|   9|0x0000000091900000, 0x0000000091900000, 0x0000000091a00000|  0%| F|  |TAMS 0x0000000091900000, 0x0000000091900000| Untracked 
|  10|0x0000000091a00000, 0x0000000091a00000, 0x0000000091b00000|  0%| F|  |TAMS 0x0000000091a00000, 0x0000000091a00000| Untracked 
|  11|0x0000000091b00000, 0x0000000091b00000, 0x0000000091c00000|  0%| F|  |TAMS 0x0000000091b00000, 0x0000000091b00000| Untracked 
|  12|0x0000000091c00000, 0x0000000091c00000, 0x0000000091d00000|  0%| F|  |TAMS 0x0000000091c00000, 0x0000000091c00000| Untracked 
|  13|0x0000000091d00000, 0x0000000091d00000, 0x0000000091e00000|  0%| F|  |TAMS 0x0000000091d00000, 0x0000000091d00000| Untracked 
|  14|0x0000000091e00000, 0x0000000091e00000, 0x0000000091f00000|  0%| F|  |TAMS 0x0000000091e00000, 0x0000000091e00000| Untracked 
|  15|0x0000000091f00000, 0x0000000091f00000, 0x0000000092000000|  0%| F|  |TAMS 0x0000000091f00000, 0x0000000091f00000| Untracked 
|  16|0x0000000092000000, 0x0000000092000000, 0x0000000092100000|  0%| F|  |TAMS 0x0000000092000000, 0x0000000092000000| Untracked 
|  17|0x0000000092100000, 0x0000000092100000, 0x0000000092200000|  0%| F|  |TAMS 0x0000000092100000, 0x0000000092100000| Untracked 
|  18|0x0000000092200000, 0x0000000092200000, 0x0000000092300000|  0%| F|  |TAMS 0x0000000092200000, 0x0000000092200000| Untracked 
|  19|0x0000000092300000, 0x0000000092300000, 0x0000000092400000|  0%| F|  |TAMS 0x0000000092300000, 0x0000000092300000| Untracked 
|  20|0x0000000092400000, 0x0000000092400000, 0x0000000092500000|  0%| F|  |TAMS 0x0000000092400000, 0x0000000092400000| Untracked 
|  21|0x0000000092500000, 0x0000000092500000, 0x0000000092600000|  0%| F|  |TAMS 0x0000000092500000, 0x0000000092500000| Untracked 
|  22|0x0000000092600000, 0x0000000092600000, 0x0000000092700000|  0%| F|  |TAMS 0x0000000092600000, 0x0000000092600000| Untracked 
|  23|0x0000000092700000, 0x0000000092700000, 0x0000000092800000|  0%| F|  |TAMS 0x0000000092700000, 0x0000000092700000| Untracked 
|  24|0x0000000092800000, 0x0000000092800000, 0x0000000092900000|  0%| F|  |TAMS 0x0000000092800000, 0x0000000092800000| Untracked 
|  25|0x0000000092900000, 0x0000000092900000, 0x0000000092a00000|  0%| F|  |TAMS 0x0000000092900000, 0x0000000092900000| Untracked 
|  26|0x0000000092a00000, 0x0000000092a00000, 0x0000000092b00000|  0%| F|  |TAMS 0x0000000092a00000, 0x0000000092a00000| Untracked 
|  27|0x0000000092b00000, 0x0000000092b00000, 0x0000000092c00000|  0%| F|  |TAMS 0x0000000092b00000, 0x0000000092b00000| Untracked 
|  28|0x0000000092c00000, 0x0000000092c00000, 0x0000000092d00000|  0%| F|  |TAMS 0x0000000092c00000, 0x0000000092c00000| Untracked 
|  29|0x0000000092d00000, 0x0000000092d00000, 0x0000000092e00000|  0%| F|  |TAMS 0x0000000092d00000, 0x0000000092d00000| Untracked 
|  30|0x0000000092e00000, 0x0000000092e00000, 0x0000000092f00000|  0%| F|  |TAMS 0x0000000092e00000, 0x0000000092e00000| Untracked 
|  31|0x0000000092f00000, 0x0000000092f00000, 0x0000000093000000|  0%| F|  |TAMS 0x0000000092f00000, 0x0000000092f00000| Untracked 
|  32|0x0000000093000000, 0x0000000093000000, 0x0000000093100000|  0%| F|  |TAMS 0x0000000093000000, 0x0000000093000000| Untracked 
|  33|0x0000000093100000, 0x0000000093100000, 0x0000000093200000|  0%| F|  |TAMS 0x0000000093100000, 0x0000000093100000| Untracked 
|  34|0x0000000093200000, 0x0000000093200000, 0x0000000093300000|  0%| F|  |TAMS 0x0000000093200000, 0x0000000093200000| Untracked 
|  35|0x0000000093300000, 0x0000000093300000, 0x0000000093400000|  0%| F|  |TAMS 0x0000000093300000, 0x0000000093300000| Untracked 
|  36|0x0000000093400000, 0x0000000093400000, 0x0000000093500000|  0%| F|  |TAMS 0x0000000093400000, 0x0000000093400000| Untracked 
|  37|0x0000000093500000, 0x0000000093500000, 0x0000000093600000|  0%| F|  |TAMS 0x0000000093500000, 0x0000000093500000| Untracked 
|  38|0x0000000093600000, 0x0000000093600000, 0x0000000093700000|  0%| F|  |TAMS 0x0000000093600000, 0x0000000093600000| Untracked 
|  39|0x0000000093700000, 0x0000000093700000, 0x0000000093800000|  0%| F|  |TAMS 0x0000000093700000, 0x0000000093700000| Untracked 
|  40|0x0000000093800000, 0x0000000093800000, 0x0000000093900000|  0%| F|  |TAMS 0x0000000093800000, 0x0000000093800000| Untracked 
|  41|0x0000000093900000, 0x0000000093900000, 0x0000000093a00000|  0%| F|  |TAMS 0x0000000093900000, 0x0000000093900000| Untracked 
|  42|0x0000000093a00000, 0x0000000093a00000, 0x0000000093b00000|  0%| F|  |TAMS 0x0000000093a00000, 0x0000000093a00000| Untracked 
|  43|0x0000000093b00000, 0x0000000093b00000, 0x0000000093c00000|  0%| F|  |TAMS 0x0000000093b00000, 0x0000000093b00000| Untracked 
|  44|0x0000000093c00000, 0x0000000093c00000, 0x0000000093d00000|  0%| F|  |TAMS 0x0000000093c00000, 0x0000000093c00000| Untracked 
|  45|0x0000000093d00000, 0x0000000093d00000, 0x0000000093e00000|  0%| F|  |TAMS 0x0000000093d00000, 0x0000000093d00000| Untracked 
|  46|0x0000000093e00000, 0x0000000093e00000, 0x0000000093f00000|  0%| F|  |TAMS 0x0000000093e00000, 0x0000000093e00000| Untracked 
|  47|0x0000000093f00000, 0x0000000093f00000, 0x0000000094000000|  0%| F|  |TAMS 0x0000000093f00000, 0x0000000093f00000| Untracked 
|  48|0x0000000094000000, 0x0000000094000000, 0x0000000094100000|  0%| F|  |TAMS 0x0000000094000000, 0x0000000094000000| Untracked 
|  49|0x0000000094100000, 0x0000000094100000, 0x0000000094200000|  0%| F|  |TAMS 0x0000000094100000, 0x0000000094100000| Untracked 
|  50|0x0000000094200000, 0x0000000094200000, 0x0000000094300000|  0%| F|  |TAMS 0x0000000094200000, 0x0000000094200000| Untracked 
|  51|0x0000000094300000, 0x0000000094300000, 0x0000000094400000|  0%| F|  |TAMS 0x0000000094300000, 0x0000000094300000| Untracked 
|  52|0x0000000094400000, 0x0000000094400000, 0x0000000094500000|  0%| F|  |TAMS 0x0000000094400000, 0x0000000094400000| Untracked 
|  53|0x0000000094500000, 0x0000000094500000, 0x0000000094600000|  0%| F|  |TAMS 0x0000000094500000, 0x0000000094500000| Untracked 
|  54|0x0000000094600000, 0x0000000094600000, 0x0000000094700000|  0%| F|  |TAMS 0x0000000094600000, 0x0000000094600000| Untracked 
|  55|0x0000000094700000, 0x0000000094700000, 0x0000000094800000|  0%| F|  |TAMS 0x0000000094700000, 0x0000000094700000| Untracked 
|  56|0x0000000094800000, 0x0000000094800000, 0x0000000094900000|  0%| F|  |TAMS 0x0000000094800000, 0x0000000094800000| Untracked 
|  57|0x0000000094900000, 0x0000000094900000, 0x0000000094a00000|  0%| F|  |TAMS 0x0000000094900000, 0x0000000094900000| Untracked 
|  58|0x0000000094a00000, 0x0000000094a00000, 0x0000000094b00000|  0%| F|  |TAMS 0x0000000094a00000, 0x0000000094a00000| Untracked 
|  59|0x0000000094b00000, 0x0000000094b00000, 0x0000000094c00000|  0%| F|  |TAMS 0x0000000094b00000, 0x0000000094b00000| Untracked 
|  60|0x0000000094c00000, 0x0000000094c00000, 0x0000000094d00000|  0%| F|  |TAMS 0x0000000094c00000, 0x0000000094c00000| Untracked 
|  61|0x0000000094d00000, 0x0000000094d00000, 0x0000000094e00000|  0%| F|  |TAMS 0x0000000094d00000, 0x0000000094d00000| Untracked 
|  62|0x0000000094e00000, 0x0000000094e00000, 0x0000000094f00000|  0%| F|  |TAMS 0x0000000094e00000, 0x0000000094e00000| Untracked 
|  63|0x0000000094f00000, 0x0000000094f00000, 0x0000000095000000|  0%| F|  |TAMS 0x0000000094f00000, 0x0000000094f00000| Untracked 
|  64|0x0000000095000000, 0x0000000095000000, 0x0000000095100000|  0%| F|  |TAMS 0x0000000095000000, 0x0000000095000000| Untracked 
|  65|0x0000000095100000, 0x0000000095100000, 0x0000000095200000|  0%| F|  |TAMS 0x0000000095100000, 0x0000000095100000| Untracked 
|  66|0x0000000095200000, 0x0000000095200000, 0x0000000095300000|  0%| F|  |TAMS 0x0000000095200000, 0x0000000095200000| Untracked 
|  67|0x0000000095300000, 0x0000000095300000, 0x0000000095400000|  0%| F|  |TAMS 0x0000000095300000, 0x0000000095300000| Untracked 
|  68|0x0000000095400000, 0x0000000095400000, 0x0000000095500000|  0%| F|  |TAMS 0x0000000095400000, 0x0000000095400000| Untracked 
|  69|0x0000000095500000, 0x0000000095500000, 0x0000000095600000|  0%| F|  |TAMS 0x0000000095500000, 0x0000000095500000| Untracked 
|  70|0x0000000095600000, 0x0000000095600000, 0x0000000095700000|  0%| F|  |TAMS 0x0000000095600000, 0x0000000095600000| Untracked 
|  71|0x0000000095700000, 0x0000000095700000, 0x0000000095800000|  0%| F|  |TAMS 0x0000000095700000, 0x0000000095700000| Untracked 
|  72|0x0000000095800000, 0x0000000095800000, 0x0000000095900000|  0%| F|  |TAMS 0x0000000095800000, 0x0000000095800000| Untracked 
|  73|0x0000000095900000, 0x0000000095900000, 0x0000000095a00000|  0%| F|  |TAMS 0x0000000095900000, 0x0000000095900000| Untracked 
|  74|0x0000000095a00000, 0x0000000095a00000, 0x0000000095b00000|  0%| F|  |TAMS 0x0000000095a00000, 0x0000000095a00000| Untracked 
|  75|0x0000000095b00000, 0x0000000095b00000, 0x0000000095c00000|  0%| F|  |TAMS 0x0000000095b00000, 0x0000000095b00000| Untracked 
|  76|0x0000000095c00000, 0x0000000095c00000, 0x0000000095d00000|  0%| F|  |TAMS 0x0000000095c00000, 0x0000000095c00000| Untracked 
|  77|0x0000000095d00000, 0x0000000095d00000, 0x0000000095e00000|  0%| F|  |TAMS 0x0000000095d00000, 0x0000000095d00000| Untracked 
|  78|0x0000000095e00000, 0x0000000095e00000, 0x0000000095f00000|  0%| F|  |TAMS 0x0000000095e00000, 0x0000000095e00000| Untracked 
|  79|0x0000000095f00000, 0x0000000095f00000, 0x0000000096000000|  0%| F|  |TAMS 0x0000000095f00000, 0x0000000095f00000| Untracked 
|  80|0x0000000096000000, 0x0000000096000000, 0x0000000096100000|  0%| F|  |TAMS 0x0000000096000000, 0x0000000096000000| Untracked 
|  81|0x0000000096100000, 0x0000000096100000, 0x0000000096200000|  0%| F|  |TAMS 0x0000000096100000, 0x0000000096100000| Untracked 
|  82|0x0000000096200000, 0x0000000096200000, 0x0000000096300000|  0%| F|  |TAMS 0x0000000096200000, 0x0000000096200000| Untracked 
|  83|0x0000000096300000, 0x0000000096300000, 0x0000000096400000|  0%| F|  |TAMS 0x0000000096300000, 0x0000000096300000| Untracked 
|  84|0x0000000096400000, 0x0000000096400000, 0x0000000096500000|  0%| F|  |TAMS 0x0000000096400000, 0x0000000096400000| Untracked 
|  85|0x0000000096500000, 0x0000000096500000, 0x0000000096600000|  0%| F|  |TAMS 0x0000000096500000, 0x0000000096500000| Untracked 
|  86|0x0000000096600000, 0x0000000096600000, 0x0000000096700000|  0%| F|  |TAMS 0x0000000096600000, 0x0000000096600000| Untracked 
|  87|0x0000000096700000, 0x0000000096700000, 0x0000000096800000|  0%| F|  |TAMS 0x0000000096700000, 0x0000000096700000| Untracked 
|  88|0x0000000096800000, 0x0000000096900000, 0x0000000096900000|100%| S|CS|TAMS 0x0000000096800000, 0x0000000096800000| Complete 
|  89|0x0000000096900000, 0x0000000096a00000, 0x0000000096a00000|100%| S|CS|TAMS 0x0000000096900000, 0x0000000096900000| Complete 
|  90|0x0000000096a00000, 0x0000000096b00000, 0x0000000096b00000|100%| S|CS|TAMS 0x0000000096a00000, 0x0000000096a00000| Complete 
|  91|0x0000000096b00000, 0x0000000096b00000, 0x0000000096c00000|  0%| F|  |TAMS 0x0000000096b00000, 0x0000000096b00000| Untracked 
|  92|0x0000000096c00000, 0x0000000096c00000, 0x0000000096d00000|  0%| F|  |TAMS 0x0000000096c00000, 0x0000000096c00000| Untracked 
|  93|0x0000000096d00000, 0x0000000096d00000, 0x0000000096e00000|  0%| F|  |TAMS 0x0000000096d00000, 0x0000000096d00000| Untracked 
|  94|0x0000000096e00000, 0x0000000096e00000, 0x0000000096f00000|  0%| F|  |TAMS 0x0000000096e00000, 0x0000000096e00000| Untracked 
|  95|0x0000000096f00000, 0x0000000096f00000, 0x0000000097000000|  0%| F|  |TAMS 0x0000000096f00000, 0x0000000096f00000| Untracked 
|  96|0x0000000097000000, 0x0000000097000000, 0x0000000097100000|  0%| F|  |TAMS 0x0000000097000000, 0x0000000097000000| Untracked 
|  97|0x0000000097100000, 0x0000000097100000, 0x0000000097200000|  0%| F|  |TAMS 0x0000000097100000, 0x0000000097100000| Untracked 
|  98|0x0000000097200000, 0x0000000097200000, 0x0000000097300000|  0%| F|  |TAMS 0x0000000097200000, 0x0000000097200000| Untracked 
|  99|0x0000000097300000, 0x0000000097300000, 0x0000000097400000|  0%| F|  |TAMS 0x0000000097300000, 0x0000000097300000| Untracked 
| 100|0x0000000097400000, 0x0000000097400000, 0x0000000097500000|  0%| F|  |TAMS 0x0000000097400000, 0x0000000097400000| Untracked 
| 101|0x0000000097500000, 0x0000000097500000, 0x0000000097600000|  0%| F|  |TAMS 0x0000000097500000, 0x0000000097500000| Untracked 
| 102|0x0000000097600000, 0x0000000097600000, 0x0000000097700000|  0%| F|  |TAMS 0x0000000097600000, 0x0000000097600000| Untracked 
| 103|0x0000000097700000, 0x0000000097700000, 0x0000000097800000|  0%| F|  |TAMS 0x0000000097700000, 0x0000000097700000| Untracked 
| 104|0x0000000097800000, 0x0000000097800000, 0x0000000097900000|  0%| F|  |TAMS 0x0000000097800000, 0x0000000097800000| Untracked 
| 105|0x0000000097900000, 0x0000000097900000, 0x0000000097a00000|  0%| F|  |TAMS 0x0000000097900000, 0x0000000097900000| Untracked 
| 106|0x0000000097a00000, 0x0000000097a00000, 0x0000000097b00000|  0%| F|  |TAMS 0x0000000097a00000, 0x0000000097a00000| Untracked 
| 107|0x0000000097b00000, 0x0000000097b00000, 0x0000000097c00000|  0%| F|  |TAMS 0x0000000097b00000, 0x0000000097b00000| Untracked 
| 108|0x0000000097c00000, 0x0000000097c00000, 0x0000000097d00000|  0%| F|  |TAMS 0x0000000097c00000, 0x0000000097c00000| Untracked 
| 109|0x0000000097d00000, 0x0000000097d97438, 0x0000000097e00000| 59%| E|  |TAMS 0x0000000097d00000, 0x0000000097d00000| Complete 
| 110|0x0000000097e00000, 0x0000000097f00000, 0x0000000097f00000|100%| E|CS|TAMS 0x0000000097e00000, 0x0000000097e00000| Complete 
| 111|0x0000000097f00000, 0x0000000098000000, 0x0000000098000000|100%| E|CS|TAMS 0x0000000097f00000, 0x0000000097f00000| Complete 

Card table byte_map: [0x00000216225b0000,0x0000021622930000] _byte_map_base: 0x0000021622128000

Marking Bits (Prev, Next): (CMBitMap*) 0x000002161c97afc0, (CMBitMap*) 0x000002161c97b000
 Prev Bits: [0x0000021622cb0000, 0x0000021624870000)
 Next Bits: [0x0000021624870000, 0x0000021626430000)

Polling page: 0x000002161a770000

Metaspace:

Usage:
  Non-class:     14.15 MB used.
      Class:      1.95 MB used.
       Both:     16.11 MB used.

Virtual space:
  Non-class space:       16.00 MB reserved,      14.25 MB ( 89%) committed,  2 nodes.
      Class space:        1.00 GB reserved,       2.00 MB ( <1%) committed,  1 nodes.
             Both:        1.02 GB reserved,      16.25 MB (  2%) committed. 

Chunk freelists:
   Non-Class:  816.00 KB
       Class:  2.00 MB
        Both:  2.80 MB

MaxMetaspaceSize: unlimited
CompressedClassSpaceSize: 1.00 GB
Initial GC threshold: 21.00 MB
Current GC threshold: 21.00 MB
CDS: off
MetaspaceReclaimPolicy: balanced
 - commit_granule_bytes: 65536.
 - commit_granule_words: 8192.
 - virtual_space_node_default_size: 1048576.
 - enlarge_chunks_in_place: 1.
 - new_chunks_are_fully_committed: 0.
 - uncommit_free_chunks: 1.
 - use_allocation_guard: 0.
 - handle_deallocations: 1.


Internal statistics:

num_allocs_failed_limit: 0.
num_arena_births: 118.
num_arena_deaths: 0.
num_vsnodes_births: 3.
num_vsnodes_deaths: 0.
num_space_committed: 260.
num_space_uncommitted: 0.
num_chunks_returned_to_freelist: 0.
num_chunks_taken_from_freelist: 374.
num_chunk_merges: 0.
num_chunk_splits: 235.
num_chunks_enlarged: 180.
num_purges: 0.
num_inconsistent_stats: 0.

CodeCache: size=49152Kb used=3972Kb max_used=3972Kb free=45179Kb
 bounds [0x000002161f5b0000, 0x000002161f9a0000, 0x00000216225b0000]
 total_blobs=2015 nmethods=1570 adapters=373
 compilation: enabled
              stopped_count=0, restarted_count=0
 full_count=0

Compilation events (20 events):
Event: 15.884 Thread 0x0000021628a448b0 nmethod 1560 0x000002161f98ca90 code [0x000002161f98cc20, 0x000002161f98cd38]
Event: 15.884 Thread 0x0000021628a448b0 1563       1       org.springframework.boot.context.properties.source.SoftReferenceConfigurationPropertyCache::getValue (8 bytes)
Event: 15.885 Thread 0x0000021628a448b0 nmethod 1563 0x000002161f98cd90 code [0x000002161f98cf20, 0x000002161f98d038]
Event: 15.885 Thread 0x0000021628a448b0 1561       1       org.springframework.boot.context.properties.source.SpringIterableConfigurationPropertySource$$Lambda$89/0x000000010018e098::<init> (10 bytes)
Event: 15.885 Thread 0x0000021628a448b0 nmethod 1561 0x000002161f98d110 code [0x000002161f98d2a0, 0x000002161f98d3b8]
Event: 15.885 Thread 0x0000021628a448b0 1565       1       org.springframework.boot.context.properties.source.ConfigurationPropertyName$Elements::canShortcutWithSource (74 bytes)
Event: 15.885 Thread 0x0000021628a448b0 nmethod 1565 0x000002161f98d410 code [0x000002161f98d5c0, 0x000002161f98d7f8]
Event: 15.885 Thread 0x0000021628a448b0 1564       1       org.springframework.boot.context.properties.source.SoftReferenceConfigurationPropertyCache::hasExpired (60 bytes)
Event: 15.886 Thread 0x0000021628a448b0 nmethod 1564 0x000002161f98d990 code [0x000002161f98db60, 0x000002161f98de28]
Event: 15.886 Thread 0x00000216295efa60 nmethod 1562 0x000002161f98e010 code [0x000002161f98e260, 0x000002161f98ea48]
Event: 15.886 Thread 0x0000021628a448b0 1566       1       org.springframework.util.StringUtils::toStringArray (26 bytes)
Event: 15.887 Thread 0x0000021628a448b0 nmethod 1566 0x000002161f98ef90 code [0x000002161f98f140, 0x000002161f98f2f8]
Event: 15.889 Thread 0x0000021628a448b0 1567       1       org.springframework.boot.context.properties.source.ConfigurationPropertyName::dashIgnoringElementEquals (148 bytes)
Event: 15.889 Thread 0x00000216295efa60 1568       1       java.util.LinkedHashMap::getOrDefault (29 bytes)
Event: 15.890 Thread 0x00000216295efa60 nmethod 1568 0x000002161f98f410 code [0x000002161f98f5c0, 0x000002161f98f738]
Event: 15.890 Thread 0x00000216295efa60 1569       1       java.util.HashMap$KeySet::size (8 bytes)
Event: 15.890 Thread 0x0000021628a448b0 nmethod 1567 0x000002161f98f810 code [0x000002161f98fa00, 0x000002161f98fd88]
Event: 15.890 Thread 0x00000216295efa60 nmethod 1569 0x000002161f990010 code [0x000002161f9901a0, 0x000002161f990278]
Event: 15.893 Thread 0x00000216295efa60 1570       1       java.util.concurrent.ConcurrentHashMap$CollectionView::toArray (204 bytes)
Event: 15.895 Thread 0x00000216295efa60 nmethod 1570 0x000002161f990310 code [0x000002161f990560, 0x000002161f990c38]

GC Heap History (6 events):
Event: 9.192 GC heap before
{Heap before GC invocations=0 (full 0):
 garbage-first heap   total 114688K, used 12288K [0x0000000091000000, 0x0000000100000000)
  region size 1024K, 13 young (13312K), 0 survivors (0K)
 Metaspace       used 6847K, committed 7104K, reserved 1056768K
  class space    used 718K, committed 832K, reserved 1048576K
}
Event: 9.218 GC heap after
{Heap after GC invocations=1 (full 0):
 garbage-first heap   total 114688K, used 6677K [0x0000000091000000, 0x0000000100000000)
  region size 1024K, 2 young (2048K), 2 survivors (2048K)
 Metaspace       used 6847K, committed 7104K, reserved 1056768K
  class space    used 718K, committed 832K, reserved 1048576K
}
Event: 11.438 GC heap before
{Heap before GC invocations=1 (full 0):
 garbage-first heap   total 114688K, used 14869K [0x0000000091000000, 0x0000000100000000)
  region size 1024K, 10 young (10240K), 2 survivors (2048K)
 Metaspace       used 9809K, committed 9920K, reserved 1064960K
  class space    used 1118K, committed 1152K, reserved 1048576K
}
Event: 11.448 GC heap after
{Heap after GC invocations=2 (full 0):
 garbage-first heap   total 114688K, used 8060K [0x0000000091000000, 0x0000000100000000)
  region size 1024K, 2 young (2048K), 2 survivors (2048K)
 Metaspace       used 9809K, committed 9920K, reserved 1064960K
  class space    used 1118K, committed 1152K, reserved 1048576K
}
Event: 15.808 GC heap before
{Heap before GC invocations=2 (full 0):
 garbage-first heap   total 114688K, used 27516K [0x0000000091000000, 0x0000000100000000)
  region size 1024K, 21 young (21504K), 2 survivors (2048K)
 Metaspace       used 16278K, committed 16448K, reserved 1064960K
  class space    used 1984K, committed 2048K, reserved 1048576K
}
Event: 15.821 GC heap after
{Heap after GC invocations=3 (full 0):
 garbage-first heap   total 114688K, used 10379K [0x0000000091000000, 0x0000000100000000)
  region size 1024K, 3 young (3072K), 3 survivors (3072K)
 Metaspace       used 16278K, committed 16448K, reserved 1064960K
  class space    used 1984K, committed 2048K, reserved 1048576K
}

Deoptimization events (2 events):
Event: 11.898 Thread 0x000002161c9250f0 DEOPT PACKING pc=0x000002161f9173f5 sp=0x000000646d7fdb90
Event: 11.898 Thread 0x000002161c9250f0 DEOPT UNPACKING pc=0x000002161f602b43 sp=0x000000646d7fd000 mode 3

Classes unloaded (0 events):
No events

Classes redefined (0 events):
No events

Internal exceptions (20 events):
Event: 12.091 Thread 0x000002161c9250f0 Exception <a 'java/lang/NoSuchMethodError'{0x0000000097cab468}: 'int java.lang.invoke.DirectMethodHandle$Holder.invokeStaticInit(java.lang.Object, java.lang.Object, java.lang.Object)'> (0x0000000097cab468) 
thrown [e:\jenkins\tmp\workspace\build\src\src\hotspot\share\interpreter\linkResolver.cpp, line 766]
Event: 12.107 Thread 0x000002161c9250f0 Exception <a 'java/lang/NoSuchMethodError'{0x0000000097cd72e8}: 'java.lang.Object java.lang.invoke.DirectMethodHandle$Holder.invokeVirtual(java.lang.Object, java.lang.Object, java.lang.Object)'> (0x0000000097cd72e8) 
thrown [e:\jenkins\tmp\workspace\build\src\src\hotspot\share\interpreter\linkResolver.cpp, line 766]
Event: 12.120 Thread 0x000002161c9250f0 Exception <a 'java/lang/NoSuchMethodError'{0x0000000097b07798}: 'java.lang.Object java.lang.invoke.DirectMethodHandle$Holder.newInvokeSpecial(java.lang.Object, java.lang.Object, java.lang.Object, java.lang.Object, java.lang.Object)'> (0x0000000097b07798) 
thrown [e:\jenkins\tmp\workspace\build\src\src\hotspot\share\interpreter\linkResolver.cpp, line 766]
Event: 13.152 Thread 0x000002161c9250f0 Exception <a 'java/lang/NoSuchMethodError'{0x00000000975e7058}: 'int java.lang.invoke.DirectMethodHandle$Holder.invokeSpecial(java.lang.Object, java.lang.Object, java.lang.Object)'> (0x00000000975e7058) 
thrown [e:\jenkins\tmp\workspace\build\src\src\hotspot\share\interpreter\linkResolver.cpp, line 766]
Event: 13.178 Thread 0x000002161c9250f0 Exception <a 'java/lang/NoSuchMethodError'{0x000000009742e7c8}: 'int java.lang.invoke.DirectMethodHandle$Holder.invokeSpecial(java.lang.Object, java.lang.Object, java.lang.Object, java.lang.Object)'> (0x000000009742e7c8) 
thrown [e:\jenkins\tmp\workspace\build\src\src\hotspot\share\interpreter\linkResolver.cpp, line 766]
Event: 13.270 Thread 0x000002161c9250f0 Exception <a 'java/lang/NoSuchMethodError'{0x00000000974c5100}: 'void java.lang.invoke.DirectMethodHandle$Holder.invokeSpecial(java.lang.Object, java.lang.Object, java.lang.Object)'> (0x00000000974c5100) 
thrown [e:\jenkins\tmp\workspace\build\src\src\hotspot\share\interpreter\linkResolver.cpp, line 766]
Event: 13.375 Thread 0x000002161c9250f0 Exception <a 'java/lang/NoSuchMethodError'{0x00000000973e1ab8}: 'java.lang.Object java.lang.invoke.DirectMethodHandle$Holder.invokeSpecial(java.lang.Object, java.lang.Object, java.lang.Object, java.lang.Object, java.lang.Object, java.lang.Object, int)'> (0x00000000973e1ab8) 
thrown [e:\jenkins\tmp\workspace\build\src\src\hotspot\share\interpreter\linkResolver.cpp, line 766]
Event: 13.377 Thread 0x000002161c9250f0 Exception <a 'java/lang/NoSuchMethodError'{0x00000000973ebd70}: 'java.lang.Object java.lang.invoke.DirectMethodHandle$Holder.newInvokeSpecial(java.lang.Object, java.lang.Object, java.lang.Object, java.lang.Object, java.lang.Object, java.lang.Object, int)'> (0x00000000973ebd70) 
thrown [e:\jenkins\tmp\workspace\build\src\src\hotspot\share\interpreter\linkResolver.cpp, line 766]
Event: 13.379 Thread 0x000002161c9250f0 Exception <a 'java/lang/NoSuchMethodError'{0x00000000973f0b08}: 'java.lang.Object java.lang.invoke.DirectMethodHandle$Holder.invokeSpecial(java.lang.Object, java.lang.Object, java.lang.Object, java.lang.Object, java.lang.Object, java.lang.Object, java.lang.Object, int)'> (0x00000000973f0b08) 
thrown [e:\jenkins\tmp\workspace\build\src\src\hotspot\share\interpreter\linkResolver.cpp, line 766]
Event: 13.413 Thread 0x000002161c9250f0 Exception <a 'java/lang/NoSuchMethodError'{0x000000009723ea90}: 'java.lang.Object java.lang.invoke.DirectMethodHandle$Holder.newInvokeSpecial(java.lang.Object, java.lang.Object, int, java.lang.Object)'> (0x000000009723ea90) 
thrown [e:\jenkins\tmp\workspace\build\src\src\hotspot\share\interpreter\linkResolver.cpp, line 766]
Event: 13.415 Thread 0x000002161c9250f0 Exception <a 'java/lang/NoSuchMethodError'{0x0000000097242e70}: 'java.lang.Object java.lang.invoke.DirectMethodHandle$Holder.invokeSpecial(java.lang.Object, java.lang.Object, java.lang.Object, int, java.lang.Object)'> (0x0000000097242e70) 
thrown [e:\jenkins\tmp\workspace\build\src\src\hotspot\share\interpreter\linkResolver.cpp, line 766]
Event: 13.439 Thread 0x000002161c9250f0 Exception <a 'java/lang/NoSuchMethodError'{0x0000000097281f70}: 'java.lang.Object java.lang.invoke.DirectMethodHandle$Holder.newInvokeSpecial(java.lang.Object, java.lang.Object, java.lang.Object, java.lang.Object, java.lang.Object, java.lang.Object)'> (0x0000000097281f70) 
thrown [e:\jenkins\tmp\workspace\build\src\src\hotspot\share\interpreter\linkResolver.cpp, line 766]
Event: 13.509 Thread 0x000002161c9250f0 Exception <a 'java/lang/NoSuchMethodError'{0x00000000972ccf20}: 'void java.lang.invoke.DirectMethodHandle$Holder.invokeStatic(java.lang.Object, java.lang.Object, java.lang.Object, java.lang.Object)'> (0x00000000972ccf20) 
thrown [e:\jenkins\tmp\workspace\build\src\src\hotspot\share\interpreter\linkResolver.cpp, line 766]
Event: 13.546 Thread 0x000002161c9250f0 Exception <a 'java/lang/NoSuchMethodError'{0x00000000971289c8}: 'void java.lang.invoke.DirectMethodHandle$Holder.invokeStatic(java.lang.Object, java.lang.Object)'> (0x00000000971289c8) 
thrown [e:\jenkins\tmp\workspace\build\src\src\hotspot\share\interpreter\linkResolver.cpp, line 766]
Event: 13.548 Thread 0x000002161c9250f0 Exception <a 'java/lang/NoSuchMethodError'{0x000000009712bf20}: 'void java.lang.invoke.DirectMethodHandle$Holder.invokeStaticInit(java.lang.Object, java.lang.Object)'> (0x000000009712bf20) 
thrown [e:\jenkins\tmp\workspace\build\src\src\hotspot\share\interpreter\linkResolver.cpp, line 766]
Event: 13.575 Thread 0x000002161c9250f0 Exception <a 'java/lang/NoSuchMethodError'{0x00000000971463e0}: 'java.lang.Object java.lang.invoke.DirectMethodHandle$Holder.invokeStaticInit(java.lang.Object)'> (0x00000000971463e0) 
thrown [e:\jenkins\tmp\workspace\build\src\src\hotspot\share\interpreter\linkResolver.cpp, line 766]
Event: 14.050 Thread 0x000002161c9250f0 Exception <a 'java/lang/NoSuchMethodError'{0x0000000097029b70}: 'void java.lang.invoke.DirectMethodHandle$Holder.invokeSpecial(java.lang.Object, java.lang.Object, java.lang.Object, java.lang.Object, java.lang.Object)'> (0x0000000097029b70) 
thrown [e:\jenkins\tmp\workspace\build\src\src\hotspot\share\interpreter\linkResolver.cpp, line 766]
Event: 15.497 Thread 0x000002161c9250f0 Exception <a 'java/lang/NoSuchMethodError'{0x0000000096b2aa48}: 'void java.lang.invoke.DirectMethodHandle$Holder.invokeStatic(java.lang.Object, java.lang.Object, int)'> (0x0000000096b2aa48) 
thrown [e:\jenkins\tmp\workspace\build\src\src\hotspot\share\interpreter\linkResolver.cpp, line 766]
Event: 15.545 Thread 0x0000021629cc23c0 Exception <a 'java/lang/NoClassDefFoundError'{0x0000000096b767a8}: javax/validation/Validation> (0x0000000096b767a8) 
thrown [e:\jenkins\tmp\workspace\build\src\src\hotspot\share\classfile\systemDictionary.cpp, line 245]
Event: 15.877 Thread 0x0000021629cc23c0 Exception <a 'java/lang/OutOfMemoryError'{0x0000000097e2db88}> (0x0000000097e2db88) 
thrown [e:\jenkins\tmp\workspace\build\src\src\hotspot\share\prims\jni.cpp, line 535]

VM Operations (20 events):
Event: 11.465 Executing VM operation: HandshakeAllThreads
Event: 11.466 Executing VM operation: HandshakeAllThreads done
Event: 12.444 Executing VM operation: HandshakeAllThreads
Event: 12.444 Executing VM operation: HandshakeAllThreads done
Event: 13.441 Executing VM operation: Cleanup
Event: 13.442 Executing VM operation: Cleanup done
Event: 13.459 Executing VM operation: HandshakeAllThreads
Event: 13.459 Executing VM operation: HandshakeAllThreads done
Event: 14.466 Executing VM operation: Cleanup
Event: 14.466 Executing VM operation: Cleanup done
Event: 14.469 Executing VM operation: HandshakeAllThreads
Event: 14.469 Executing VM operation: HandshakeAllThreads done
Event: 14.575 Executing VM operation: HandshakeAllThreads
Event: 14.575 Executing VM operation: HandshakeAllThreads done
Event: 15.584 Executing VM operation: Cleanup
Event: 15.584 Executing VM operation: Cleanup done
Event: 15.808 Executing VM operation: G1CollectForAllocation
Event: 15.821 Executing VM operation: G1CollectForAllocation done
Event: 15.835 Executing VM operation: HandshakeAllThreads
Event: 15.836 Executing VM operation: HandshakeAllThreads done

Events (20 events):
Event: 15.791 loading class java/beans/Introspector$1
Event: 15.791 loading class jdk/internal/access/JavaBeansAccess
Event: 15.791 loading class jdk/internal/access/JavaBeansAccess done
Event: 15.792 loading class java/beans/Introspector$1 done
Event: 15.828 loading class sun/reflect/generics/scope/MethodScope
Event: 15.828 loading class sun/reflect/generics/scope/MethodScope done
Event: 15.828 loading class sun/reflect/generics/repository/MethodRepository
Event: 15.828 loading class sun/reflect/generics/repository/ConstructorRepository
Event: 15.828 loading class sun/reflect/generics/repository/ConstructorRepository done
Event: 15.829 loading class sun/reflect/generics/repository/MethodRepository done
Event: 15.829 loading class sun/reflect/generics/tree/VoidDescriptor
Event: 15.829 loading class sun/reflect/generics/tree/VoidDescriptor done
Event: 15.829 loading class sun/reflect/generics/tree/MethodTypeSignature
Event: 15.829 loading class sun/reflect/generics/tree/MethodTypeSignature done
Event: 15.831 loading class java/util/BitSet
Event: 15.831 loading class java/util/BitSet done
Event: 15.856 loading class java/util/AbstractList$ListItr
Event: 15.865 loading class java/util/AbstractList$Itr
Event: 15.865 loading class java/util/AbstractList$Itr done
Event: 15.865 loading class java/util/AbstractList$ListItr done


Dynamic libraries:
0x00007ff731ba0000 - 0x00007ff731bae000 	c:\Users\Pratap\.vscode\extensions\redhat.java-1.7.0-win32-x64\jre\17.0.3-win32-x86_64\bin\java.exe
0x00007ff86aad0000 - 0x00007ff86acc7000 	C:\WINDOWS\SYSTEM32\ntdll.dll
0x00007ff869be0000 - 0x00007ff869c9d000 	C:\WINDOWS\System32\KERNEL32.DLL
0x00007ff8681f0000 - 0x00007ff8684bd000 	C:\WINDOWS\System32\KERNELBASE.dll
0x00007ff8684f0000 - 0x00007ff8685f0000 	C:\WINDOWS\System32\ucrtbase.dll
0x00007ff85ab90000 - 0x00007ff85aba8000 	c:\Users\Pratap\.vscode\extensions\redhat.java-1.7.0-win32-x64\jre\17.0.3-win32-x86_64\bin\jli.dll
0x00007ff869de0000 - 0x00007ff869f80000 	C:\WINDOWS\System32\USER32.dll
0x00007ff8684c0000 - 0x00007ff8684e2000 	C:\WINDOWS\System32\win32u.dll
0x00007ff869670000 - 0x00007ff86969a000 	C:\WINDOWS\System32\GDI32.dll
0x00007ff868740000 - 0x00007ff86884b000 	C:\WINDOWS\System32\gdi32full.dll
0x00007ff8685f0000 - 0x00007ff86868d000 	C:\WINDOWS\System32\msvcp_win.dll
0x00007ff8558b0000 - 0x00007ff8558c9000 	c:\Users\Pratap\.vscode\extensions\redhat.java-1.7.0-win32-x64\jre\17.0.3-win32-x86_64\bin\VCRUNTIME140.dll
0x00007ff859180000 - 0x00007ff85941a000 	C:\WINDOWS\WinSxS\amd64_microsoft.windows.common-controls_6595b64144ccf1df_6.0.19041.1110_none_60b5254171f9507e\COMCTL32.dll
0x00007ff869f80000 - 0x00007ff86a01e000 	C:\WINDOWS\System32\msvcrt.dll
0x00007ff869840000 - 0x00007ff869870000 	C:\WINDOWS\System32\IMM32.DLL
0x00007ff864b40000 - 0x00007ff864b4c000 	c:\Users\Pratap\.vscode\extensions\redhat.java-1.7.0-win32-x64\jre\17.0.3-win32-x86_64\bin\vcruntime140_1.dll
0x00007ff831d40000 - 0x00007ff831dd1000 	c:\Users\Pratap\.vscode\extensions\redhat.java-1.7.0-win32-x64\jre\17.0.3-win32-x86_64\bin\msvcp140.dll
0x00007ff82b7f0000 - 0x00007ff82c438000 	c:\Users\Pratap\.vscode\extensions\redhat.java-1.7.0-win32-x64\jre\17.0.3-win32-x86_64\bin\server\jvm.dll
0x00007ff868b30000 - 0x00007ff868bde000 	C:\WINDOWS\System32\ADVAPI32.dll
0x00007ff869b40000 - 0x00007ff869bdc000 	C:\WINDOWS\System32\sechost.dll
0x00007ff86a8b0000 - 0x00007ff86a9d5000 	C:\WINDOWS\System32\RPCRT4.dll
0x00007ff86a380000 - 0x00007ff86a388000 	C:\WINDOWS\System32\PSAPI.DLL
0x00007ff861290000 - 0x00007ff861299000 	C:\WINDOWS\SYSTEM32\WSOCK32.dll
0x00007ff869d70000 - 0x00007ff869ddb000 	C:\WINDOWS\System32\WS2_32.dll
0x00007ff85f230000 - 0x00007ff85f257000 	C:\WINDOWS\SYSTEM32\WINMM.dll
0x00007ff85f260000 - 0x00007ff85f26a000 	C:\WINDOWS\SYSTEM32\VERSION.dll
0x00007ff866e30000 - 0x00007ff866e42000 	C:\WINDOWS\SYSTEM32\kernel.appcore.dll
0x00007ff85e480000 - 0x00007ff85e48a000 	c:\Users\Pratap\.vscode\extensions\redhat.java-1.7.0-win32-x64\jre\17.0.3-win32-x86_64\bin\jimage.dll
0x00007ff866bd0000 - 0x00007ff866db4000 	C:\WINDOWS\SYSTEM32\DBGHELP.DLL
0x00007ff8565f0000 - 0x00007ff85661c000 	C:\WINDOWS\SYSTEM32\dbgcore.DLL
0x00007ff868aa0000 - 0x00007ff868b22000 	C:\WINDOWS\System32\bcryptPrimitives.dll
0x00007ff8557d0000 - 0x00007ff8557f5000 	c:\Users\Pratap\.vscode\extensions\redhat.java-1.7.0-win32-x64\jre\17.0.3-win32-x86_64\bin\java.dll
0x00007ff855890000 - 0x00007ff8558a8000 	c:\Users\Pratap\.vscode\extensions\redhat.java-1.7.0-win32-x64\jre\17.0.3-win32-x86_64\bin\zip.dll
0x00007ff868ec0000 - 0x00007ff869604000 	C:\WINDOWS\System32\SHELL32.dll
0x00007ff866000000 - 0x00007ff866794000 	C:\WINDOWS\SYSTEM32\windows.storage.dll
0x00007ff86a020000 - 0x00007ff86a374000 	C:\WINDOWS\System32\combase.dll
0x00007ff867be0000 - 0x00007ff867c0c000 	C:\WINDOWS\SYSTEM32\Wldp.dll
0x00007ff86a9e0000 - 0x00007ff86aa8d000 	C:\WINDOWS\System32\SHCORE.dll
0x00007ff868c90000 - 0x00007ff868ce5000 	C:\WINDOWS\System32\shlwapi.dll
0x00007ff868130000 - 0x00007ff86814f000 	C:\WINDOWS\SYSTEM32\profapi.dll
0x00007ff8557b0000 - 0x00007ff8557c9000 	C:\Users\Pratap\.vscode\extensions\redhat.java-1.7.0-win32-x64\jre\17.0.3-win32-x86_64\bin\net.dll
0x00007ff85de90000 - 0x00007ff85df9a000 	C:\WINDOWS\SYSTEM32\WINHTTP.dll
0x00007ff8678e0000 - 0x00007ff86794a000 	C:\WINDOWS\system32\mswsock.dll
0x00007ff84eae0000 - 0x00007ff84eaf5000 	C:\Users\Pratap\.vscode\extensions\redhat.java-1.7.0-win32-x64\jre\17.0.3-win32-x86_64\bin\nio.dll
0x00007ff85ab50000 - 0x00007ff85ab60000 	c:\Users\Pratap\.vscode\extensions\redhat.java-1.7.0-win32-x64\jre\17.0.3-win32-x86_64\bin\verify.dll
0x00007ff864b50000 - 0x00007ff864b59000 	C:\Users\Pratap\.vscode\extensions\redhat.java-1.7.0-win32-x64\jre\17.0.3-win32-x86_64\bin\management.dll
0x00007ff864b30000 - 0x00007ff864b3b000 	C:\Users\Pratap\.vscode\extensions\redhat.java-1.7.0-win32-x64\jre\17.0.3-win32-x86_64\bin\management_ext.dll
0x00007ff855b90000 - 0x00007ff855ba7000 	C:\WINDOWS\system32\napinsp.dll
0x00007ff854030000 - 0x00007ff85404b000 	C:\WINDOWS\system32\pnrpnsp.dll
0x00007ff8550f0000 - 0x00007ff855105000 	C:\WINDOWS\system32\wshbth.dll
0x00007ff862d30000 - 0x00007ff862d4d000 	C:\WINDOWS\system32\NLAapi.dll
0x00007ff8675d0000 - 0x00007ff86760b000 	C:\WINDOWS\SYSTEM32\IPHLPAPI.DLL
0x00007ff867610000 - 0x00007ff8676db000 	C:\WINDOWS\SYSTEM32\DNSAPI.dll
0x00007ff8696a0000 - 0x00007ff8696a8000 	C:\WINDOWS\System32\NSI.dll
0x00007ff8550d0000 - 0x00007ff8550e2000 	C:\WINDOWS\System32\winrnr.dll
0x00007ff859e60000 - 0x00007ff859e6a000 	C:\Windows\System32\rasadhlp.dll
0x00007ff85a090000 - 0x00007ff85a110000 	C:\WINDOWS\System32\fwpuclnt.dll
0x00007ff8688c0000 - 0x00007ff8688e7000 	C:\WINDOWS\System32\bcrypt.dll

dbghelp: loaded successfully - version: 4.0.5 - missing functions: none
symbol engine: initialized successfully - sym options: 0x614 - pdb path: .;c:\Users\Pratap\.vscode\extensions\redhat.java-1.7.0-win32-x64\jre\17.0.3-win32-x86_64\bin;C:\WINDOWS\SYSTEM32;C:\WINDOWS\WinSxS\amd64_microsoft.windows.common-controls_6595b64144ccf1df_6.0.19041.1110_none_60b5254171f9507e;c:\Users\Pratap\.vscode\extensions\redhat.java-1.7.0-win32-x64\jre\17.0.3-win32-x86_64\bin\server

VM Arguments:
jvm_args: --add-modules=ALL-SYSTEM --add-exports=jdk.compiler/com.sun.tools.javac.file=ALL-UNNAMED --add-exports=jdk.compiler/com.sun.tools.javac.util=ALL-UNNAMED --add-exports=jdk.compiler/com.sun.tools.javac.comp=ALL-UNNAMED --add-exports=jdk.compiler/com.sun.tools.javac.main=ALL-UNNAMED --add-exports=jdk.compiler/com.sun.tools.javac.tree=ALL-UNNAMED --add-exports=jdk.compiler/com.sun.tools.javac.code=ALL-UNNAMED -Dsts.lsp.client=vscode -Dsts.log.file=/dev/null -XX:TieredStopAtLevel=1 -Dspring.config.location=file:c:\Users\Pratap\.vscode\extensions\pivotal.vscode-spring-boot-1.36.0\language-server\BOOT-INF\classes\application.properties 
java_command: org.springframework.ide.vscode.boot.app.BootLanguageServerBootApp
java_class_path (initial): c:\Users\Pratap\.vscode\extensions\pivotal.vscode-spring-boot-1.36.0\language-server\BOOT-INF\classes;c:\Users\Pratap\.vscode\extensions\pivotal.vscode-spring-boot-1.36.0\language-server\BOOT-INF\lib\annotations-23.0.0.jar;c:\Users\Pratap\.vscode\extensions\pivotal.vscode-spring-boot-1.36.0\language-server\BOOT-INF\lib\antlr-runtime-3.5.2.jar;c:\Users\Pratap\.vscode\extensions\pivotal.vscode-spring-boot-1.36.0\language-server\BOOT-INF\lib\antlr4-4.9.3.jar;c:\Users\Pratap\.vscode\extensions\pivotal.vscode-spring-boot-1.36.0\language-server\BOOT-INF\lib\antlr4-runtime-4.9.3.jar;c:\Users\Pratap\.vscode\extensions\pivotal.vscode-spring-boot-1.36.0\language-server\BOOT-INF\lib\asm-9.3.jar;c:\Users\Pratap\.vscode\extensions\pivotal.vscode-spring-boot-1.36.0\language-server\BOOT-INF\lib\asm-analysis-9.3.jar;c:\Users\Pratap\.vscode\extensions\pivotal.vscode-spring-boot-1.36.0\language-server\BOOT-INF\lib\asm-tree-9.3.jar;c:\Users\Pratap\.vscode\extensions\pivotal.vscode-spring-boot-1.36.0\language-server\BOOT-INF\lib\asm-util-9.3.jar;c:\Users\Pratap\.vscode\extensions\pivotal.vscode-spring-boot-1.36.0\language-server\BOOT-INF\lib\byte-buddy-1.10.18.jar;c:\Users\Pratap\.vscode\extensions\pivotal.vscode-spring-boot-1.36.0\language-server\BOOT-INF\lib\caffeine-2.8.6.jar;c:\Users\Pratap\.vscode\extensions\pivotal.vscode-spring-boot-1.36.0\language-server\BOOT-INF\lib\checker-qual-3.12.0.jar;c:\Users\Pratap\.vscode\extensions\pivotal.vscode-spring-boot-1.36.0\language-server\BOOT-INF\lib\classgraph-4.8.146.jar;c:\Users\Pratap\.vscode\extensions\pivotal.vscode-spring-boot-1.36.0\language-server\BOOT-INF\lib\commons-codec-1.14.jar;c:\Users\Pratap\.vscode\extensions\pivotal.vscode-spring-boot-1.36.0\language-server\BOOT-INF\lib\commons-compress-1.21.jar;c:\Users\Pratap\.vscode\extensions\pivotal.vscode-spring-boot-1.36.0\language-server\BOOT-INF\lib\commons-exec-1.3.jar;c:\Users\Pratap\.vscode\extensions\pivotal.vscode-spring-boot-1.36.0\language-server
Launcher Type: SUN_STANDARD

[Global flags]
     intx CICompilerCount                          = 3                                         {product} {ergonomic}
     uint ConcGCThreads                            = 1                                         {product} {ergonomic}
     uint G1ConcRefinementThreads                  = 4                                         {product} {ergonomic}
   size_t G1HeapRegionSize                         = 1048576                                   {product} {ergonomic}
    uintx GCDrainStackTargetSize                   = 64                                        {product} {ergonomic}
   size_t InitialHeapSize                          = 117440512                                 {product} {ergonomic}
   size_t MarkStackSize                            = 4194304                                   {product} {ergonomic}
   size_t MaxHeapSize                              = 1862270976                                {product} {ergonomic}
   size_t MaxNewSize                               = 1116733440                                {product} {ergonomic}
   size_t MinHeapDeltaBytes                        = 1048576                                   {product} {ergonomic}
   size_t MinHeapSize                              = 8388608                                   {product} {ergonomic}
    uintx NonProfiledCodeHeapSize                  = 0                                      {pd product} {ergonomic}
     bool ProfileInterpreter                       = false                                  {pd product} {command line}
    uintx ProfiledCodeHeapSize                     = 0                                      {pd product} {ergonomic}
   size_t SoftMaxHeapSize                          = 1862270976                             {manageable} {ergonomic}
     intx TieredStopAtLevel                        = 1                                         {product} {command line}
     bool UseCompressedClassPointers               = true                           {product lp64_product} {ergonomic}
     bool UseCompressedOops                        = true                           {product lp64_product} {ergonomic}
     bool UseG1GC                                  = true                                      {product} {ergonomic}
     bool UseLargePagesIndividualAllocation        = false                                  {pd product} {ergonomic}

Logging:
Log output configuration:
 #0: stdout all=warning uptime,level,tags
 #1: stderr all=off uptime,level,tags

Environment Variables:
JAVA_HOME=C:\Program Files\Java\jdk1.8.0_261
PATH=C:\WINDOWS\system32;C:\WINDOWS;C:\WINDOWS\System32\Wbem;C:\WINDOWS\System32\WindowsPowerShell\v1.0\;c:\Program Files (x86)\ATI Technologies\ATI.ACE\Core-Static;C:\WINDOWS\System32\OpenSSH\;C:\Program Files\Java\jdk1.8.0_261\bin;F:\Softwares\maven\apache-maven-3.6.3\bin;C:\Program Files\Git\cmd;C:\Program Files\Git\mingw64\bin;C:\Program Files\Git\usr\bin;C:\Program Files\nodejs\;C:\Program Files\MongoDB\Server\4.4\bin;C:\Program Files\MySQL\MySQL Server 8.0\bin;C:\Users\Pratap\AppData\Local\Microsoft\WindowsApps;C:\Users\Pratap\AppData\Local\Programs\Microsoft VS Code\bin;C:\Users\Pratap\AppData\Roaming\npm;C:\adb;C:\Program Files\PuTTY\;C:\Program Files\Docker\Docker\resources\bin;C:\ProgramData\DockerDesktop\version-bin;C:\Users\Pratap\AppData\Local\Microsoft\WindowsApps;C:\Users\Pratap\AppData\Local\Programs\Microsoft VS Code\bin;C:\Users\Pratap\AppData\Roaming\npm
USERNAME=gopi
OS=Windows_NT
PROCESSOR_IDENTIFIER=AMD64 Family 22 Model 48 Stepping 1, AuthenticAMD



---------------  S Y S T E M  ---------------

OS:
 Windows 10 , 64 bit Build 19041 (10.0.19041.1741)
OS uptime: 0 days 6:23 hours
Hyper-V role detected

CPU: total 4 (initial active 4) (4 cores per cpu, 1 threads per core) family 22 model 48 stepping 1 microcode 0x0, cx8, cmov, fxsr, mmx, 3dnowpref, sse, sse2, sse3, ssse3, sse4a, sse4.1, sse4.2, popcnt, lzcnt, tsc, tscinvbit, avx, aes, clmul, bmi1, vzeroupper, clflush, hv

Memory: 4k page, system-wide physical 7102M (633M free)
TotalPageFile size 28606M (AvailPageFile size 73M)
current process WorkingSet (physical memory assigned to process): 85M, peak: 85M
current process commit charge ("private bytes"): 197M, peak: 197M

vm_info: OpenJDK 64-Bit Server VM (17.0.3+7) for windows-amd64 JRE (17.0.3+7), built on Apr 19 2022 16:55:35 by "" with MS VC++ 16.7 (VS2019)

END.
